# JRE version: Java(TM) SE Runtime Environment (8.0_45-b15) (build 1.8.0_45-b15)
# Java VM: Java HotSpot(TM) 64-Bit Server VM (25.45-b02 mixed mode windows-amd64 compressed oops)
Heap:
 PSYoungGen      total 140288K, used 99639K [0x00000000eb400000, 0x00000000f9300000, 0x0000000100000000)
  eden space 107008K, 62% used [0x00000000eb400000,0x00000000ef4d3570,0x00000000f1c80000)
  from space 33280K, 99% used [0x00000000f1c80000,0x00000000f3cfa918,0x00000000f3d00000)
  to   space 43520K, 0% used [0x00000000f6880000,0x00000000f6880000,0x00000000f9300000)
 ParOldGen       total 269312K, used 207800K [0x00000000c1c00000, 0x00000000d2300000, 0x00000000eb400000)
  object space 269312K, 77% used [0x00000000c1c00000,0x00000000ce6ee010,0x00000000d2300000)
 Metaspace       used 16726K, capacity 16918K, committed 17280K, reserved 1064960K
  class space    used 1817K, capacity 1905K, committed 1920K, reserved 1048576K
GC Heap History (10 events):
Event: 4.540 GC heap before
{Heap before GC invocations=16 (full 5):
 PSYoungGen      total 86016K, used 5128K [0x00000000eb400000, 0x00000000f3300000, 0x0000000100000000)
  eden space 64000K, 0% used [0x00000000eb400000,0x00000000eb400000,0x00000000ef280000)
  from space 22016K, 23% used [0x00000000ef280000,0x00000000ef782040,0x00000000f0800000)
  to   space 20992K, 0% used [0x00000000f1e80000,0x00000000f1e80000,0x00000000f3300000)
 ParOldGen       total 210944K, used 197394K [0x00000000c1c00000, 0x00000000cea00000, 0x00000000eb400000)
  object space 210944K, 93% used [0x00000000c1c00000,0x00000000cdcc4ba0,0x00000000cea00000)
 Metaspace       used 10967K, capacity 11230K, committed 11264K, reserved 1058816K
  class space    used 1130K, capacity 1248K, committed 1280K, reserved 1048576K
Event: 4.563 GC heap after
Heap after GC invocations=16 (full 5):
 PSYoungGen      total 86016K, used 0K [0x00000000eb400000, 0x00000000f3300000, 0x0000000100000000)
  eden space 64000K, 0% used [0x00000000eb400000,0x00000000eb400000,0x00000000ef280000)
  from space 22016K, 0% used [0x00000000ef280000,0x00000000ef280000,0x00000000f0800000)
  to   space 20992K, 0% used [0x00000000f1e80000,0x00000000f1e80000,0x00000000f3300000)
 ParOldGen       total 269312K, used 128562K [0x00000000c1c00000, 0x00000000d2300000, 0x00000000eb400000)
  object space 269312K, 47% used [0x00000000c1c00000,0x00000000c998cba8,0x00000000d2300000)
 Metaspace       used 10967K, capacity 11230K, committed 11264K, reserved 1058816K
  class space    used 1130K, capacity 1248K, committed 1280K, reserved 1048576K
}
Event: 4.744 GC heap before
{Heap before GC invocations=17 (full 5):
 PSYoungGen      total 86016K, used 64000K [0x00000000eb400000, 0x00000000f3300000, 0x0000000100000000)
  eden space 64000K, 100% used [0x00000000eb400000,0x00000000ef280000,0x00000000ef280000)
  from space 22016K, 0% used [0x00000000ef280000,0x00000000ef280000,0x00000000f0800000)
  to   space 20992K, 0% used [0x00000000f1e80000,0x00000000f1e80000,0x00000000f3300000)
 ParOldGen       total 269312K, used 128562K [0x00000000c1c00000, 0x00000000d2300000, 0x00000000eb400000)
  object space 269312K, 47% used [0x00000000c1c00000,0x00000000c998cba8,0x00000000d2300000)
 Metaspace       used 11440K, capacity 11710K, committed 11776K, reserved 1060864K
  class space    used 1185K, capacity 1280K, committed 1280K, reserved 1048576K
Event: 4.756 GC heap after
Heap after GC invocations=17 (full 5):
 PSYoungGen      total 104960K, used 20952K [0x00000000eb400000, 0x00000000f3a00000, 0x0000000100000000)
  eden space 83968K, 0% used [0x00000000eb400000,0x00000000eb400000,0x00000000f0600000)
  from space 20992K, 99% used [0x00000000f1e80000,0x00000000f32f6070,0x00000000f3300000)
  to   space 25088K, 0% used [0x00000000f0600000,0x00000000f0600000,0x00000000f1e80000)
 ParOldGen       total 269312K, used 159290K [0x00000000c1c00000, 0x00000000d2300000, 0x00000000eb400000)
  object space 269312K, 59% used [0x00000000c1c00000,0x00000000cb78ebc8,0x00000000d2300000)
 Metaspace       used 11440K, capacity 11710K, committed 11776K, reserved 1060864K
  class space    used 1185K, capacity 1280K, committed 1280K, reserved 1048576K
}
Event: 5.249 GC heap before
{Heap before GC invocations=18 (full 5):
 PSYoungGen      total 104960K, used 104920K [0x00000000eb400000, 0x00000000f3a00000, 0x0000000100000000)
  eden space 83968K, 100% used [0x00000000eb400000,0x00000000f0600000,0x00000000f0600000)
  from space 20992K, 99% used [0x00000000f1e80000,0x00000000f32f6070,0x00000000f3300000)
  to   space 25088K, 0% used [0x00000000f0600000,0x00000000f0600000,0x00000000f1e80000)
 ParOldGen       total 269312K, used 159290K [0x00000000c1c00000, 0x00000000d2300000, 0x00000000eb400000)
  object space 269312K, 59% used [0x00000000c1c00000,0x00000000cb78ebc8,0x00000000d2300000)
 Metaspace       used 11442K, capacity 11710K, committed 11776K, reserved 1060864K
  class space    used 1185K, capacity 1280K, committed 1280K, reserved 1048576K
Event: 5.257 GC heap after
Heap after GC invocations=18 (full 5):
 PSYoungGen      total 109056K, used 20952K [0x00000000eb400000, 0x00000000f5880000, 0x0000000100000000)
  eden space 83968K, 0% used [0x00000000eb400000,0x00000000eb400000,0x00000000f0600000)
  from space 25088K, 83% used [0x00000000f0600000,0x00000000f1a76070,0x00000000f1e80000)
  to   space 28160K, 0% used [0x00000000f3d00000,0x00000000f3d00000,0x00000000f5880000)
 ParOldGen       total 269312K, used 171578K [0x00000000c1c00000, 0x00000000d2300000, 0x00000000eb400000)
  object space 269312K, 63% used [0x00000000c1c00000,0x00000000cc38ebe8,0x00000000d2300000)
 Metaspace       used 11442K, capacity 11710K, committed 11776K, reserved 1060864K
  class space    used 1185K, capacity 1280K, committed 1280K, reserved 1048576K
}
Event: 5.751 GC heap before
{Heap before GC invocations=19 (full 5):
 PSYoungGen      total 109056K, used 99425K [0x00000000eb400000, 0x00000000f5880000, 0x0000000100000000)
  eden space 83968K, 93% used [0x00000000eb400000,0x00000000f00a2560,0x00000000f0600000)
  from space 25088K, 83% used [0x00000000f0600000,0x00000000f1a76070,0x00000000f1e80000)
  to   space 28160K, 0% used [0x00000000f3d00000,0x00000000f3d00000,0x00000000f5880000)
 ParOldGen       total 269312K, used 171578K [0x00000000c1c00000, 0x00000000d2300000, 0x00000000eb400000)
  object space 269312K, 63% used [0x00000000c1c00000,0x00000000cc38ebe8,0x00000000d2300000)
 Metaspace       used 11454K, capacity 11710K, committed 11776K, reserved 1060864K
  class space    used 1186K, capacity 1280K, committed 1280K, reserved 1048576K
Event: 5.762 GC heap after
Heap after GC invocations=19 (full 5):
 PSYoungGen      total 135168K, used 27443K [0x00000000eb400000, 0x00000000f6100000, 0x0000000100000000)
  eden space 107008K, 0% used [0x00000000eb400000,0x00000000eb400000,0x00000000f1c80000)
  from space 28160K, 97% used [0x00000000f3d00000,0x00000000f57ccc90,0x00000000f5880000)
  to   space 33280K, 0% used [0x00000000f1c80000,0x00000000f1c80000,0x00000000f3d00000)
 ParOldGen       total 269312K, used 196017K [0x00000000c1c00000, 0x00000000d2300000, 0x00000000eb400000)
  object space 269312K, 72% used [0x00000000c1c00000,0x00000000cdb6c428,0x00000000d2300000)
 Metaspace       used 11454K, capacity 11710K, committed 11776K, reserved 1060864K
  class space    used 1186K, capacity 1280K, committed 1280K, reserved 1048576K
}
Event: 6.200 GC heap before
{Heap before GC invocations=20 (full 5):
 PSYoungGen      total 135168K, used 134451K [0x00000000eb400000, 0x00000000f6100000, 0x0000000100000000)
  eden space 107008K, 100% used [0x00000000eb400000,0x00000000f1c80000,0x00000000f1c80000)
  from space 28160K, 97% used [0x00000000f3d00000,0x00000000f57ccc90,0x00000000f5880000)
  to   space 33280K, 0% used [0x00000000f1c80000,0x00000000f1c80000,0x00000000f3d00000)
 ParOldGen       total 269312K, used 196017K [0x00000000c1c00000, 0x00000000d2300000, 0x00000000eb400000)
  object space 269312K, 72% used [0x00000000c1c00000,0x00000000cdb6c428,0x00000000d2300000)
 Metaspace       used 11700K, capacity 11902K, committed 12032K, reserved 1060864K
  class space    used 1205K, capacity 1280K, committed 1280K, reserved 1048576K
Event: 6.220 GC heap after
Heap after GC invocations=20 (full 5):
 PSYoungGen      total 140288K, used 33258K [0x00000000eb400000, 0x00000000f9300000, 0x0000000100000000)
  eden space 107008K, 0% used [0x00000000eb400000,0x00000000eb400000,0x00000000f1c80000)
  from space 33280K, 99% used [0x00000000f1c80000,0x00000000f3cfa918,0x00000000f3d00000)
  to   space 43520K, 0% used [0x00000000f6880000,0x00000000f6880000,0x00000000f9300000)
 ParOldGen       total 269312K, used 207800K [0x00000000c1c00000, 0x00000000d2300000, 0x00000000eb400000)
  object space 269312K, 77% used [0x00000000c1c00000,0x00000000ce6ee010,0x00000000d2300000)
 Metaspace       used 11700K, capacity 11902K, committed 12032K, reserved 1060864K
  class space    used 1205K, capacity 1280K, committed 1280K, reserved 1048576K
}

