# JRE version: Java(TM) SE Runtime Environment (8.0_45-b15) (build 1.8.0_45-b15)
# Java VM: Java HotSpot(TM) 64-Bit Server VM (25.45-b02 mixed mode windows-amd64 compressed oops)
Heap:
 PSYoungGen      total 148480K, used 97197K [0x00000000eb400000, 0x00000000f8580000, 0x0000000100000000)
  eden space 102912K, 52% used [0x00000000eb400000,0x00000000ee91dc00,0x00000000f1880000)
  from space 45568K, 93% used [0x00000000f4c00000,0x00000000f75cd850,0x00000000f7880000)
  to   space 52736K, 0% used [0x00000000f1880000,0x00000000f1880000,0x00000000f4c00000)
 ParOldGen       total 270336K, used 153954K [0x00000000c1c00000, 0x00000000d2400000, 0x00000000eb400000)
  object space 270336K, 56% used [0x00000000c1c00000,0x00000000cb258878,0x00000000d2400000)
 Metaspace       used 16542K, capacity 16758K, committed 17024K, reserved 1064960K
  class space    used 1793K, capacity 1873K, committed 1920K, reserved 1048576K
GC Heap History (10 events):
Event: 2.860 GC heap before
{Heap before GC invocations=17 (full 5):
 PSYoungGen      total 76800K, used 55296K [0x00000000eb400000, 0x00000000f2b00000, 0x0000000100000000)
  eden space 55296K, 100% used [0x00000000eb400000,0x00000000eea00000,0x00000000eea00000)
  from space 21504K, 0% used [0x00000000eea00000,0x00000000eea00000,0x00000000eff00000)
  to   space 24576K, 0% used [0x00000000f1300000,0x00000000f1300000,0x00000000f2b00000)
 ParOldGen       total 270336K, used 135010K [0x00000000c1c00000, 0x00000000d2400000, 0x00000000eb400000)
  object space 270336K, 49% used [0x00000000c1c00000,0x00000000c9fd8848,0x00000000d2400000)
 Metaspace       used 10958K, capacity 11230K, committed 11264K, reserved 1058816K
  class space    used 1130K, capacity 1248K, committed 1280K, reserved 1048576K
Event: 2.868 GC heap after
Heap after GC invocations=17 (full 5):
 PSYoungGen      total 94208K, used 20608K [0x00000000eb400000, 0x00000000f3000000, 0x0000000100000000)
  eden space 69632K, 0% used [0x00000000eb400000,0x00000000eb400000,0x00000000ef800000)
  from space 24576K, 83% used [0x00000000f1300000,0x00000000f2720050,0x00000000f2b00000)
  to   space 27648K, 0% used [0x00000000ef800000,0x00000000ef800000,0x00000000f1300000)
 ParOldGen       total 270336K, used 141154K [0x00000000c1c00000, 0x00000000d2400000, 0x00000000eb400000)
  object space 270336K, 52% used [0x00000000c1c00000,0x00000000ca5d8858,0x00000000d2400000)
 Metaspace       used 10958K, capacity 11230K, committed 11264K, reserved 1058816K
  class space    used 1130K, capacity 1248K, committed 1280K, reserved 1048576K
}
Event: 3.233 GC heap before
{Heap before GC invocations=18 (full 5):
 PSYoungGen      total 94208K, used 90240K [0x00000000eb400000, 0x00000000f3000000, 0x0000000100000000)
  eden space 69632K, 100% used [0x00000000eb400000,0x00000000ef800000,0x00000000ef800000)
  from space 24576K, 83% used [0x00000000f1300000,0x00000000f2720050,0x00000000f2b00000)
  to   space 27648K, 0% used [0x00000000ef800000,0x00000000ef800000,0x00000000f1300000)
 ParOldGen       total 270336K, used 141154K [0x00000000c1c00000, 0x00000000d2400000, 0x00000000eb400000)
  object space 270336K, 52% used [0x00000000c1c00000,0x00000000ca5d8858,0x00000000d2400000)
 Metaspace       used 10959K, capacity 11230K, committed 11264K, reserved 1058816K
  class space    used 1130K, capacity 1248K, committed 1280K, reserved 1048576K
Event: 3.241 GC heap after
Heap after GC invocations=18 (full 5):
 PSYoungGen      total 97280K, used 26784K [0x00000000eb400000, 0x00000000f4a00000, 0x0000000100000000)
  eden space 69632K, 0% used [0x00000000eb400000,0x00000000eb400000,0x00000000ef800000)
  from space 27648K, 96% used [0x00000000ef800000,0x00000000f1228060,0x00000000f1300000)
  to   space 32256K, 0% used [0x00000000f2a80000,0x00000000f2a80000,0x00000000f4a00000)
 ParOldGen       total 270336K, used 147298K [0x00000000c1c00000, 0x00000000d2400000, 0x00000000eb400000)
  object space 270336K, 54% used [0x00000000c1c00000,0x00000000cabd8868,0x00000000d2400000)
 Metaspace       used 10959K, capacity 11230K, committed 11264K, reserved 1058816K
  class space    used 1130K, capacity 1248K, committed 1280K, reserved 1048576K
}
Event: 3.529 GC heap before
{Heap before GC invocations=19 (full 5):
 PSYoungGen      total 97280K, used 96416K [0x00000000eb400000, 0x00000000f4a00000, 0x0000000100000000)
  eden space 69632K, 100% used [0x00000000eb400000,0x00000000ef800000,0x00000000ef800000)
  from space 27648K, 96% used [0x00000000ef800000,0x00000000f1228060,0x00000000f1300000)
  to   space 32256K, 0% used [0x00000000f2a80000,0x00000000f2a80000,0x00000000f4a00000)
 ParOldGen       total 270336K, used 147298K [0x00000000c1c00000, 0x00000000d2400000, 0x00000000eb400000)
  object space 270336K, 54% used [0x00000000c1c00000,0x00000000cabd8868,0x00000000d2400000)
 Metaspace       used 11110K, capacity 11358K, committed 11520K, reserved 1058816K
  class space    used 1143K, capacity 1248K, committed 1280K, reserved 1048576K
Event: 3.538 GC heap after
Heap after GC invocations=19 (full 5):
 PSYoungGen      total 117248K, used 27258K [0x00000000eb400000, 0x00000000f5100000, 0x0000000100000000)
  eden space 84992K, 0% used [0x00000000eb400000,0x00000000eb400000,0x00000000f0700000)
  from space 32256K, 84% used [0x00000000f2a80000,0x00000000f451eaf8,0x00000000f4a00000)
  to   space 36352K, 0% used [0x00000000f0700000,0x00000000f0700000,0x00000000f2a80000)
 ParOldGen       total 270336K, used 147306K [0x00000000c1c00000, 0x00000000d2400000, 0x00000000eb400000)
  object space 270336K, 54% used [0x00000000c1c00000,0x00000000cabda868,0x00000000d2400000)
 Metaspace       used 11110K, capacity 11358K, committed 11520K, reserved 1058816K
  class space    used 1143K, capacity 1248K, committed 1280K, reserved 1048576K
}
Event: 3.732 GC heap before
{Heap before GC invocations=20 (full 5):
 PSYoungGen      total 117248K, used 112250K [0x00000000eb400000, 0x00000000f5100000, 0x0000000100000000)
  eden space 84992K, 100% used [0x00000000eb400000,0x00000000f0700000,0x00000000f0700000)
  from space 32256K, 84% used [0x00000000f2a80000,0x00000000f451eaf8,0x00000000f4a00000)
  to   space 36352K, 0% used [0x00000000f0700000,0x00000000f0700000,0x00000000f2a80000)
 ParOldGen       total 270336K, used 147306K [0x00000000c1c00000, 0x00000000d2400000, 0x00000000eb400000)
  object space 270336K, 54% used [0x00000000c1c00000,0x00000000cabda868,0x00000000d2400000)
 Metaspace       used 11150K, capacity 11422K, committed 11520K, reserved 1058816K
  class space    used 1143K, capacity 1248K, committed 1280K, reserved 1048576K
Event: 3.747 GC heap after
Heap after GC invocations=20 (full 5):
 PSYoungGen      total 121344K, used 36334K [0x00000000eb400000, 0x00000000f7880000, 0x0000000100000000)
  eden space 84992K, 0% used [0x00000000eb400000,0x00000000eb400000,0x00000000f0700000)
  from space 36352K, 99% used [0x00000000f0700000,0x00000000f2a7bb40,0x00000000f2a80000)
  to   space 45568K, 0% used [0x00000000f4c00000,0x00000000f4c00000,0x00000000f7880000)
 ParOldGen       total 270336K, used 153946K [0x00000000c1c00000, 0x00000000d2400000, 0x00000000eb400000)
  object space 270336K, 56% used [0x00000000c1c00000,0x00000000cb256878,0x00000000d2400000)
 Metaspace       used 11150K, capacity 11422K, committed 11520K, reserved 1058816K
  class space    used 1143K, capacity 1248K, committed 1280K, reserved 1048576K
}
Event: 4.332 GC heap before
{Heap before GC invocations=21 (full 5):
 PSYoungGen      total 121344K, used 121326K [0x00000000eb400000, 0x00000000f7880000, 0x0000000100000000)
  eden space 84992K, 100% used [0x00000000eb400000,0x00000000f0700000,0x00000000f0700000)
  from space 36352K, 99% used [0x00000000f0700000,0x00000000f2a7bb40,0x00000000f2a80000)
  to   space 45568K, 0% used [0x00000000f4c00000,0x00000000f4c00000,0x00000000f7880000)
 ParOldGen       total 270336K, used 153946K [0x00000000c1c00000, 0x00000000d2400000, 0x00000000eb400000)
  object space 270336K, 56% used [0x00000000c1c00000,0x00000000cb256878,0x00000000d2400000)
 Metaspace       used 15467K, capacity 15728K, committed 16000K, reserved 1062912K
  class space    used 1752K, capacity 1872K, committed 1920K, reserved 1048576K
Event: 4.352 GC heap after
Heap after GC invocations=21 (full 5):
 PSYoungGen      total 148480K, used 42806K [0x00000000eb400000, 0x00000000f8580000, 0x0000000100000000)
  eden space 102912K, 0% used [0x00000000eb400000,0x00000000eb400000,0x00000000f1880000)
  from space 45568K, 93% used [0x00000000f4c00000,0x00000000f75cd850,0x00000000f7880000)
  to   space 52736K, 0% used [0x00000000f1880000,0x00000000f1880000,0x00000000f4c00000)
 ParOldGen       total 270336K, used 153954K [0x00000000c1c00000, 0x00000000d2400000, 0x00000000eb400000)
  object space 270336K, 56% used [0x00000000c1c00000,0x00000000cb258878,0x00000000d2400000)
 Metaspace       used 15467K, capacity 15728K, committed 16000K, reserved 1062912K
  class space    used 1752K, capacity 1872K, committed 1920K, reserved 1048576K
}

