# JRE version: Java(TM) SE Runtime Environment (8.0_45-b15) (build 1.8.0_45-b15)
# Java VM: Java HotSpot(TM) 64-Bit Server VM (25.45-b02 mixed mode windows-amd64 compressed oops)
Heap:
 PSYoungGen      total 150016K, used 123241K [0x00000000eb400000, 0x00000000f8500000, 0x0000000100000000)
  eden space 104960K, 76% used [0x00000000eb400000,0x00000000f0274090,0x00000000f1a80000)
  from space 45056K, 95% used [0x00000000f4d80000,0x00000000f77666b0,0x00000000f7980000)
  to   space 52224K, 0% used [0x00000000f1a80000,0x00000000f1a80000,0x00000000f4d80000)
 ParOldGen       total 270848K, used 146806K [0x00000000c1c00000, 0x00000000d2480000, 0x00000000eb400000)
  object space 270848K, 54% used [0x00000000c1c00000,0x00000000cab5da40,0x00000000d2480000)
 Metaspace       used 16761K, capacity 16976K, committed 17280K, reserved 1064960K
  class space    used 1812K, capacity 1904K, committed 1920K, reserved 1048576K
GC Heap History (10 events):
Event: 2.854 GC heap before
{Heap before GC invocations=17 (full 5):
 PSYoungGen      total 77824K, used 56320K [0x00000000eb400000, 0x00000000f2d00000, 0x0000000100000000)
  eden space 56320K, 100% used [0x00000000eb400000,0x00000000eeb00000,0x00000000eeb00000)
  from space 21504K, 0% used [0x00000000eeb00000,0x00000000eeb00000,0x00000000f0000000)
  to   space 24576K, 0% used [0x00000000f1500000,0x00000000f1500000,0x00000000f2d00000)
 ParOldGen       total 270848K, used 134990K [0x00000000c1c00000, 0x00000000d2480000, 0x00000000eb400000)
  object space 270848K, 49% used [0x00000000c1c00000,0x00000000c9fd3930,0x00000000d2480000)
 Metaspace       used 10965K, capacity 11230K, committed 11264K, reserved 1058816K
  class space    used 1130K, capacity 1248K, committed 1280K, reserved 1048576K
Event: 2.861 GC heap after
Heap after GC invocations=17 (full 5):
 PSYoungGen      total 96256K, used 20608K [0x00000000eb400000, 0x00000000f3180000, 0x0000000100000000)
  eden space 71680K, 0% used [0x00000000eb400000,0x00000000eb400000,0x00000000efa00000)
  from space 24576K, 83% used [0x00000000f1500000,0x00000000f2920050,0x00000000f2d00000)
  to   space 27648K, 0% used [0x00000000efa00000,0x00000000efa00000,0x00000000f1500000)
 ParOldGen       total 270848K, used 141134K [0x00000000c1c00000, 0x00000000d2480000, 0x00000000eb400000)
  object space 270848K, 52% used [0x00000000c1c00000,0x00000000ca5d3940,0x00000000d2480000)
 Metaspace       used 10965K, capacity 11230K, committed 11264K, reserved 1058816K
  class space    used 1130K, capacity 1248K, committed 1280K, reserved 1048576K
}
Event: 3.240 GC heap before
{Heap before GC invocations=18 (full 5):
 PSYoungGen      total 96256K, used 92288K [0x00000000eb400000, 0x00000000f3180000, 0x0000000100000000)
  eden space 71680K, 100% used [0x00000000eb400000,0x00000000efa00000,0x00000000efa00000)
  from space 24576K, 83% used [0x00000000f1500000,0x00000000f2920050,0x00000000f2d00000)
  to   space 27648K, 0% used [0x00000000efa00000,0x00000000efa00000,0x00000000f1500000)
 ParOldGen       total 270848K, used 141134K [0x00000000c1c00000, 0x00000000d2480000, 0x00000000eb400000)
  object space 270848K, 52% used [0x00000000c1c00000,0x00000000ca5d3940,0x00000000d2480000)
 Metaspace       used 10965K, capacity 11230K, committed 11264K, reserved 1058816K
  class space    used 1130K, capacity 1248K, committed 1280K, reserved 1048576K
Event: 3.246 GC heap after
Heap after GC invocations=18 (full 5):
 PSYoungGen      total 99328K, used 26752K [0x00000000eb400000, 0x00000000f4c80000, 0x0000000100000000)
  eden space 71680K, 0% used [0x00000000eb400000,0x00000000eb400000,0x00000000efa00000)
  from space 27648K, 96% used [0x00000000efa00000,0x00000000f1420060,0x00000000f1500000)
  to   space 32256K, 0% used [0x00000000f2d00000,0x00000000f2d00000,0x00000000f4c80000)
 ParOldGen       total 270848K, used 141134K [0x00000000c1c00000, 0x00000000d2480000, 0x00000000eb400000)
  object space 270848K, 52% used [0x00000000c1c00000,0x00000000ca5d3940,0x00000000d2480000)
 Metaspace       used 10965K, capacity 11230K, committed 11264K, reserved 1058816K
  class space    used 1130K, capacity 1248K, committed 1280K, reserved 1048576K
}
Event: 3.517 GC heap before
{Heap before GC invocations=19 (full 5):
 PSYoungGen      total 99328K, used 98432K [0x00000000eb400000, 0x00000000f4c80000, 0x0000000100000000)
  eden space 71680K, 100% used [0x00000000eb400000,0x00000000efa00000,0x00000000efa00000)
  from space 27648K, 96% used [0x00000000efa00000,0x00000000f1420060,0x00000000f1500000)
  to   space 32256K, 0% used [0x00000000f2d00000,0x00000000f2d00000,0x00000000f4c80000)
 ParOldGen       total 270848K, used 141134K [0x00000000c1c00000, 0x00000000d2480000, 0x00000000eb400000)
  object space 270848K, 52% used [0x00000000c1c00000,0x00000000ca5d3940,0x00000000d2480000)
 Metaspace       used 11116K, capacity 11358K, committed 11520K, reserved 1058816K
  class space    used 1143K, capacity 1248K, committed 1280K, reserved 1048576K
Event: 3.525 GC heap after
Heap after GC invocations=19 (full 5):
 PSYoungGen      total 118272K, used 31227K [0x00000000eb400000, 0x00000000f5700000, 0x0000000100000000)
  eden space 86016K, 0% used [0x00000000eb400000,0x00000000eb400000,0x00000000f0800000)
  from space 32256K, 96% used [0x00000000f2d00000,0x00000000f4b7ece8,0x00000000f4c80000)
  to   space 37888K, 0% used [0x00000000f0800000,0x00000000f0800000,0x00000000f2d00000)
 ParOldGen       total 270848K, used 146182K [0x00000000c1c00000, 0x00000000d2480000, 0x00000000eb400000)
  object space 270848K, 53% used [0x00000000c1c00000,0x00000000caac1a40,0x00000000d2480000)
 Metaspace       used 11116K, capacity 11358K, committed 11520K, reserved 1058816K
  class space    used 1143K, capacity 1248K, committed 1280K, reserved 1048576K
}
Event: 3.716 GC heap before
{Heap before GC invocations=20 (full 5):
 PSYoungGen      total 118272K, used 117243K [0x00000000eb400000, 0x00000000f5700000, 0x0000000100000000)
  eden space 86016K, 100% used [0x00000000eb400000,0x00000000f0800000,0x00000000f0800000)
  from space 32256K, 96% used [0x00000000f2d00000,0x00000000f4b7ece8,0x00000000f4c80000)
  to   space 37888K, 0% used [0x00000000f0800000,0x00000000f0800000,0x00000000f2d00000)
 ParOldGen       total 270848K, used 146182K [0x00000000c1c00000, 0x00000000d2480000, 0x00000000eb400000)
  object space 270848K, 53% used [0x00000000c1c00000,0x00000000caac1a40,0x00000000d2480000)
 Metaspace       used 11156K, capacity 11422K, committed 11520K, reserved 1058816K
  class space    used 1143K, capacity 1248K, committed 1280K, reserved 1048576K
Event: 3.731 GC heap after
Heap after GC invocations=20 (full 5):
 PSYoungGen      total 123904K, used 37871K [0x00000000eb400000, 0x00000000f7980000, 0x0000000100000000)
  eden space 86016K, 0% used [0x00000000eb400000,0x00000000eb400000,0x00000000f0800000)
  from space 37888K, 99% used [0x00000000f0800000,0x00000000f2cfbe98,0x00000000f2d00000)
  to   space 45056K, 0% used [0x00000000f4d80000,0x00000000f4d80000,0x00000000f7980000)
 ParOldGen       total 270848K, used 146798K [0x00000000c1c00000, 0x00000000d2480000, 0x00000000eb400000)
  object space 270848K, 54% used [0x00000000c1c00000,0x00000000cab5ba40,0x00000000d2480000)
 Metaspace       used 11156K, capacity 11422K, committed 11520K, reserved 1058816K
  class space    used 1143K, capacity 1248K, committed 1280K, reserved 1048576K
}
Event: 5.462 GC heap before
{Heap before GC invocations=21 (full 5):
 PSYoungGen      total 123904K, used 123887K [0x00000000eb400000, 0x00000000f7980000, 0x0000000100000000)
  eden space 86016K, 100% used [0x00000000eb400000,0x00000000f0800000,0x00000000f0800000)
  from space 37888K, 99% used [0x00000000f0800000,0x00000000f2cfbe98,0x00000000f2d00000)
  to   space 45056K, 0% used [0x00000000f4d80000,0x00000000f4d80000,0x00000000f7980000)
 ParOldGen       total 270848K, used 146798K [0x00000000c1c00000, 0x00000000d2480000, 0x00000000eb400000)
  object space 270848K, 54% used [0x00000000c1c00000,0x00000000cab5ba40,0x00000000d2480000)
 Metaspace       used 16206K, capacity 16432K, committed 16768K, reserved 1064960K
  class space    used 1792K, capacity 1872K, committed 1920K, reserved 1048576K
Event: 5.481 GC heap after
Heap after GC invocations=21 (full 5):
 PSYoungGen      total 150016K, used 42905K [0x00000000eb400000, 0x00000000f8500000, 0x0000000100000000)
  eden space 104960K, 0% used [0x00000000eb400000,0x00000000eb400000,0x00000000f1a80000)
  from space 45056K, 95% used [0x00000000f4d80000,0x00000000f77666b0,0x00000000f7980000)
  to   space 52224K, 0% used [0x00000000f1a80000,0x00000000f1a80000,0x00000000f4d80000)
 ParOldGen       total 270848K, used 146806K [0x00000000c1c00000, 0x00000000d2480000, 0x00000000eb400000)
  object space 270848K, 54% used [0x00000000c1c00000,0x00000000cab5da40,0x00000000d2480000)
 Metaspace       used 16206K, capacity 16432K, committed 16768K, reserved 1064960K
  class space    used 1792K, capacity 1872K, committed 1920K, reserved 1048576K
}

