# JRE version: Java(TM) SE Runtime Environment (8.0_45-b15) (build 1.8.0_45-b15)
# Java VM: Java HotSpot(TM) 64-Bit Server VM (25.45-b02 mixed mode windows-amd64 compressed oops)
Heap:
 PSYoungGen      total 221184K, used 183238K [0x00000000eb400000, 0x0000000100000000, 0x0000000100000000)
  eden space 135168K, 72% used [0x00000000eb400000,0x00000000f1363c70,0x00000000f3800000)
  from space 86016K, 99% used [0x00000000f3800000,0x00000000f8b8dd88,0x00000000f8c00000)
  to   space 109056K, 0% used [0x00000000f9580000,0x00000000f9580000,0x0000000100000000)
 ParOldGen       total 384512K, used 257419K [0x00000000c1c00000, 0x00000000d9380000, 0x00000000eb400000)
  object space 384512K, 66% used [0x00000000c1c00000,0x00000000d1762d30,0x00000000d9380000)
 Metaspace       used 15934K, capacity 16170K, committed 16512K, reserved 1064960K
  class space    used 1721K, capacity 1807K, committed 1920K, reserved 1048576K
GC Heap History (10 events):
Event: 7.286 GC heap before
{Heap before GC invocations=25 (full 6):
 PSYoungGen      total 160256K, used 92566K [0x00000000eb400000, 0x00000000fc300000, 0x0000000100000000)
  eden space 105472K, 87% used [0x00000000eb400000,0x00000000f0e65868,0x00000000f1b00000)
  from space 54784K, 0% used [0x00000000f6500000,0x00000000f6500000,0x00000000f9a80000)
  to   space 75776K, 0% used [0x00000000f1b00000,0x00000000f1b00000,0x00000000f6500000)
 ParOldGen       total 384512K, used 232827K [0x00000000c1c00000, 0x00000000d9380000, 0x00000000eb400000)
  object space 384512K, 60% used [0x00000000c1c00000,0x00000000cff5ed20,0x00000000d9380000)
 Metaspace       used 12241K, capacity 12446K, committed 12672K, reserved 1060864K
  class space    used 1287K, capacity 1376K, committed 1408K, reserved 1048576K
Event: 7.290 GC heap after
Heap after GC invocations=25 (full 6):
 PSYoungGen      total 181248K, used 16096K [0x00000000eb400000, 0x00000000fbb80000, 0x0000000100000000)
  eden space 105472K, 0% used [0x00000000eb400000,0x00000000eb400000,0x00000000f1b00000)
  from space 75776K, 21% used [0x00000000f1b00000,0x00000000f2ab8040,0x00000000f6500000)
  to   space 72704K, 0% used [0x00000000f7480000,0x00000000f7480000,0x00000000fbb80000)
 ParOldGen       total 384512K, used 232827K [0x00000000c1c00000, 0x00000000d9380000, 0x00000000eb400000)
  object space 384512K, 60% used [0x00000000c1c00000,0x00000000cff5ed20,0x00000000d9380000)
 Metaspace       used 12241K, capacity 12446K, committed 12672K, reserved 1060864K
  class space    used 1287K, capacity 1376K, committed 1408K, reserved 1048576K
}
Event: 7.501 GC heap before
{Heap before GC invocations=26 (full 6):
 PSYoungGen      total 181248K, used 104244K [0x00000000eb400000, 0x00000000fbb80000, 0x0000000100000000)
  eden space 105472K, 83% used [0x00000000eb400000,0x00000000f0a15228,0x00000000f1b00000)
  from space 75776K, 21% used [0x00000000f1b00000,0x00000000f2ab8040,0x00000000f6500000)
  to   space 72704K, 0% used [0x00000000f7480000,0x00000000f7480000,0x00000000fbb80000)
 ParOldGen       total 384512K, used 232827K [0x00000000c1c00000, 0x00000000d9380000, 0x00000000eb400000)
  object space 384512K, 60% used [0x00000000c1c00000,0x00000000cff5ed20,0x00000000d9380000)
 Metaspace       used 12244K, capacity 12446K, committed 12672K, reserved 1060864K
  class space    used 1287K, capacity 1376K, committed 1408K, reserved 1048576K
Event: 7.512 GC heap after
Heap after GC invocations=26 (full 6):
 PSYoungGen      total 194560K, used 45344K [0x00000000eb400000, 0x00000000fc100000, 0x0000000100000000)
  eden space 121856K, 0% used [0x00000000eb400000,0x00000000eb400000,0x00000000f2b00000)
  from space 72704K, 62% used [0x00000000f7480000,0x00000000fa0c8080,0x00000000fbb80000)
  to   space 75264K, 0% used [0x00000000f2b00000,0x00000000f2b00000,0x00000000f7480000)
 ParOldGen       total 384512K, used 232827K [0x00000000c1c00000, 0x00000000d9380000, 0x00000000eb400000)
  object space 384512K, 60% used [0x00000000c1c00000,0x00000000cff5ed20,0x00000000d9380000)
 Metaspace       used 12244K, capacity 12446K, committed 12672K, reserved 1060864K
  class space    used 1287K, capacity 1376K, committed 1408K, reserved 1048576K
}
Event: 7.970 GC heap before
{Heap before GC invocations=27 (full 6):
 PSYoungGen      total 194560K, used 167200K [0x00000000eb400000, 0x00000000fc100000, 0x0000000100000000)
  eden space 121856K, 100% used [0x00000000eb400000,0x00000000f2b00000,0x00000000f2b00000)
  from space 72704K, 62% used [0x00000000f7480000,0x00000000fa0c8080,0x00000000fbb80000)
  to   space 75264K, 0% used [0x00000000f2b00000,0x00000000f2b00000,0x00000000f7480000)
 ParOldGen       total 384512K, used 232827K [0x00000000c1c00000, 0x00000000d9380000, 0x00000000eb400000)
  object space 384512K, 60% used [0x00000000c1c00000,0x00000000cff5ed20,0x00000000d9380000)
 Metaspace       used 12254K, capacity 12446K, committed 12672K, reserved 1060864K
  class space    used 1287K, capacity 1376K, committed 1408K, reserved 1048576K
Event: 7.993 GC heap after
Heap after GC invocations=27 (full 6):
 PSYoungGen      total 197120K, used 71872K [0x00000000eb400000, 0x00000000feb80000, 0x0000000100000000)
  eden space 121856K, 0% used [0x00000000eb400000,0x00000000eb400000,0x00000000f2b00000)
  from space 75264K, 95% used [0x00000000f2b00000,0x00000000f71300e0,0x00000000f7480000)
  to   space 87040K, 0% used [0x00000000f9680000,0x00000000f9680000,0x00000000feb80000)
 ParOldGen       total 384512K, used 257411K [0x00000000c1c00000, 0x00000000d9380000, 0x00000000eb400000)
  object space 384512K, 66% used [0x00000000c1c00000,0x00000000d1760d30,0x00000000d9380000)
 Metaspace       used 12254K, capacity 12446K, committed 12672K, reserved 1060864K
  class space    used 1287K, capacity 1376K, committed 1408K, reserved 1048576K
}
Event: 8.708 GC heap before
{Heap before GC invocations=28 (full 6):
 PSYoungGen      total 197120K, used 190770K [0x00000000eb400000, 0x00000000feb80000, 0x0000000100000000)
  eden space 121856K, 97% used [0x00000000eb400000,0x00000000f281c730,0x00000000f2b00000)
  from space 75264K, 95% used [0x00000000f2b00000,0x00000000f71300e0,0x00000000f7480000)
  to   space 87040K, 0% used [0x00000000f9680000,0x00000000f9680000,0x00000000feb80000)
 ParOldGen       total 384512K, used 257411K [0x00000000c1c00000, 0x00000000d9380000, 0x00000000eb400000)
  object space 384512K, 66% used [0x00000000c1c00000,0x00000000d1760d30,0x00000000d9380000)
 Metaspace       used 12254K, capacity 12446K, committed 12672K, reserved 1060864K
  class space    used 1287K, capacity 1376K, committed 1408K, reserved 1048576K
Event: 8.730 GC heap after
Heap after GC invocations=28 (full 6):
 PSYoungGen      total 222208K, used 71872K [0x00000000eb400000, 0x00000000ffd80000, 0x0000000100000000)
  eden space 135168K, 0% used [0x00000000eb400000,0x00000000eb400000,0x00000000f3800000)
  from space 87040K, 82% used [0x00000000f9680000,0x00000000fdcb00e0,0x00000000feb80000)
  to   space 96768K, 0% used [0x00000000f3800000,0x00000000f3800000,0x00000000f9680000)
 ParOldGen       total 384512K, used 257411K [0x00000000c1c00000, 0x00000000d9380000, 0x00000000eb400000)
  object space 384512K, 66% used [0x00000000c1c00000,0x00000000d1760d30,0x00000000d9380000)
 Metaspace       used 12254K, capacity 12446K, committed 12672K, reserved 1060864K
  class space    used 1287K, capacity 1376K, committed 1408K, reserved 1048576K
}
Event: 8.947 GC heap before
{Heap before GC invocations=29 (full 6):
 PSYoungGen      total 222208K, used 207040K [0x00000000eb400000, 0x00000000ffd80000, 0x0000000100000000)
  eden space 135168K, 100% used [0x00000000eb400000,0x00000000f3800000,0x00000000f3800000)
  from space 87040K, 82% used [0x00000000f9680000,0x00000000fdcb00e0,0x00000000feb80000)
  to   space 96768K, 0% used [0x00000000f3800000,0x00000000f3800000,0x00000000f9680000)
 ParOldGen       total 384512K, used 257411K [0x00000000c1c00000, 0x00000000d9380000, 0x00000000eb400000)
  object space 384512K, 66% used [0x00000000c1c00000,0x00000000d1760d30,0x00000000d9380000)
 Metaspace       used 12265K, capacity 12510K, committed 12672K, reserved 1060864K
  class space    used 1287K, capacity 1376K, committed 1408K, reserved 1048576K
Event: 8.970 GC heap after
Heap after GC invocations=29 (full 6):
 PSYoungGen      total 221184K, used 85559K [0x00000000eb400000, 0x0000000100000000, 0x0000000100000000)
  eden space 135168K, 0% used [0x00000000eb400000,0x00000000eb400000,0x00000000f3800000)
  from space 86016K, 99% used [0x00000000f3800000,0x00000000f8b8dd88,0x00000000f8c00000)
  to   space 109056K, 0% used [0x00000000f9580000,0x00000000f9580000,0x0000000100000000)
 ParOldGen       total 384512K, used 257419K [0x00000000c1c00000, 0x00000000d9380000, 0x00000000eb400000)
  object space 384512K, 66% used [0x00000000c1c00000,0x00000000d1762d30,0x00000000d9380000)
 Metaspace       used 12265K, capacity 12510K, committed 12672K, reserved 1060864K
  class space    used 1287K, capacity 1376K, committed 1408K, reserved 1048576K
}

