# JRE version: Java(TM) SE Runtime Environment (8.0_45-b15) (build 1.8.0_45-b15)
# Java VM: Java HotSpot(TM) 64-Bit Server VM (25.45-b02 mixed mode windows-amd64 compressed oops)
Heap:
 PSYoungGen      total 132608K, used 56612K [0x00000000eb400000, 0x00000000f4b80000, 0x0000000100000000)
  eden space 130560K, 42% used [0x00000000eb400000,0x00000000ee9b90d8,0x00000000f3380000)
  from space 2048K, 78% used [0x00000000f4400000,0x00000000f4590010,0x00000000f4600000)
  to   space 4608K, 0% used [0x00000000f4700000,0x00000000f4700000,0x00000000f4b80000)
 ParOldGen       total 369664K, used 265952K [0x00000000c1c00000, 0x00000000d8500000, 0x00000000eb400000)
  object space 369664K, 71% used [0x00000000c1c00000,0x00000000d1fb81e8,0x00000000d8500000)
 Metaspace       used 15398K, capacity 15626K, committed 15872K, reserved 1062912K
  class space    used 1665K, capacity 1775K, committed 1792K, reserved 1048576K
GC Heap History (10 events):
Event: 219.610 GC heap before
{Heap before GC invocations=36 (full 7):
 PSYoungGen      total 150528K, used 150048K [0x00000000eb400000, 0x00000000f5680000, 0x0000000100000000)
  eden space 148480K, 100% used [0x00000000eb400000,0x00000000f4500000,0x00000000f4500000)
  from space 2048K, 76% used [0x00000000f5480000,0x00000000f5608010,0x00000000f5680000)
  to   space 6144K, 0% used [0x00000000f4a80000,0x00000000f4a80000,0x00000000f5080000)
 ParOldGen       total 369664K, used 265936K [0x00000000c1c00000, 0x00000000d8500000, 0x00000000eb400000)
  object space 369664K, 71% used [0x00000000c1c00000,0x00000000d1fb41e8,0x00000000d8500000)
 Metaspace       used 15350K, capacity 15626K, committed 15872K, reserved 1062912K
  class space    used 1665K, capacity 1775K, committed 1792K, reserved 1048576K
Event: 219.612 GC heap after
Heap after GC invocations=36 (full 7):
 PSYoungGen      total 146432K, used 1568K [0x00000000eb400000, 0x00000000f5500000, 0x0000000100000000)
  eden space 144384K, 0% used [0x00000000eb400000,0x00000000eb400000,0x00000000f4100000)
  from space 2048K, 76% used [0x00000000f4a80000,0x00000000f4c08010,0x00000000f4c80000)
  to   space 5632K, 0% used [0x00000000f4f80000,0x00000000f4f80000,0x00000000f5500000)
 ParOldGen       total 369664K, used 265936K [0x00000000c1c00000, 0x00000000d8500000, 0x00000000eb400000)
  object space 369664K, 71% used [0x00000000c1c00000,0x00000000d1fb41e8,0x00000000d8500000)
 Metaspace       used 15350K, capacity 15626K, committed 15872K, reserved 1062912K
  class space    used 1665K, capacity 1775K, committed 1792K, reserved 1048576K
}
Event: 249.514 GC heap before
{Heap before GC invocations=37 (full 7):
 PSYoungGen      total 146432K, used 145952K [0x00000000eb400000, 0x00000000f5500000, 0x0000000100000000)
  eden space 144384K, 100% used [0x00000000eb400000,0x00000000f4100000,0x00000000f4100000)
  from space 2048K, 76% used [0x00000000f4a80000,0x00000000f4c08010,0x00000000f4c80000)
  to   space 5632K, 0% used [0x00000000f4f80000,0x00000000f4f80000,0x00000000f5500000)
 ParOldGen       total 369664K, used 265936K [0x00000000c1c00000, 0x00000000d8500000, 0x00000000eb400000)
  object space 369664K, 71% used [0x00000000c1c00000,0x00000000d1fb41e8,0x00000000d8500000)
 Metaspace       used 15350K, capacity 15626K, committed 15872K, reserved 1062912K
  class space    used 1665K, capacity 1775K, committed 1792K, reserved 1048576K
Event: 249.516 GC heap after
Heap after GC invocations=37 (full 7):
 PSYoungGen      total 142848K, used 1568K [0x00000000eb400000, 0x00000000f5180000, 0x0000000100000000)
  eden space 140800K, 0% used [0x00000000eb400000,0x00000000eb400000,0x00000000f3d80000)
  from space 2048K, 76% used [0x00000000f4f80000,0x00000000f5108010,0x00000000f5180000)
  to   space 5120K, 0% used [0x00000000f4780000,0x00000000f4780000,0x00000000f4c80000)
 ParOldGen       total 369664K, used 265936K [0x00000000c1c00000, 0x00000000d8500000, 0x00000000eb400000)
  object space 369664K, 71% used [0x00000000c1c00000,0x00000000d1fb41e8,0x00000000d8500000)
 Metaspace       used 15350K, capacity 15626K, committed 15872K, reserved 1062912K
  class space    used 1665K, capacity 1775K, committed 1792K, reserved 1048576K
}
Event: 278.951 GC heap before
{Heap before GC invocations=38 (full 7):
 PSYoungGen      total 142848K, used 142368K [0x00000000eb400000, 0x00000000f5180000, 0x0000000100000000)
  eden space 140800K, 100% used [0x00000000eb400000,0x00000000f3d80000,0x00000000f3d80000)
  from space 2048K, 76% used [0x00000000f4f80000,0x00000000f5108010,0x00000000f5180000)
  to   space 5120K, 0% used [0x00000000f4780000,0x00000000f4780000,0x00000000f4c80000)
 ParOldGen       total 369664K, used 265936K [0x00000000c1c00000, 0x00000000d8500000, 0x00000000eb400000)
  object space 369664K, 71% used [0x00000000c1c00000,0x00000000d1fb41e8,0x00000000d8500000)
 Metaspace       used 15395K, capacity 15626K, committed 15872K, reserved 1062912K
  class space    used 1665K, capacity 1775K, committed 1792K, reserved 1048576K
Event: 278.954 GC heap after
Heap after GC invocations=38 (full 7):
 PSYoungGen      total 139264K, used 1664K [0x00000000eb400000, 0x00000000f5000000, 0x0000000100000000)
  eden space 137216K, 0% used [0x00000000eb400000,0x00000000eb400000,0x00000000f3a00000)
  from space 2048K, 81% used [0x00000000f4780000,0x00000000f4920010,0x00000000f4980000)
  to   space 5120K, 0% used [0x00000000f4b00000,0x00000000f4b00000,0x00000000f5000000)
 ParOldGen       total 369664K, used 265944K [0x00000000c1c00000, 0x00000000d8500000, 0x00000000eb400000)
  object space 369664K, 71% used [0x00000000c1c00000,0x00000000d1fb61e8,0x00000000d8500000)
 Metaspace       used 15395K, capacity 15626K, committed 15872K, reserved 1062912K
  class space    used 1665K, capacity 1775K, committed 1792K, reserved 1048576K
}
Event: 307.695 GC heap before
{Heap before GC invocations=39 (full 7):
 PSYoungGen      total 139264K, used 138880K [0x00000000eb400000, 0x00000000f5000000, 0x0000000100000000)
  eden space 137216K, 100% used [0x00000000eb400000,0x00000000f3a00000,0x00000000f3a00000)
  from space 2048K, 81% used [0x00000000f4780000,0x00000000f4920010,0x00000000f4980000)
  to   space 5120K, 0% used [0x00000000f4b00000,0x00000000f4b00000,0x00000000f5000000)
 ParOldGen       total 369664K, used 265944K [0x00000000c1c00000, 0x00000000d8500000, 0x00000000eb400000)
  object space 369664K, 71% used [0x00000000c1c00000,0x00000000d1fb61e8,0x00000000d8500000)
 Metaspace       used 15397K, capacity 15626K, committed 15872K, reserved 1062912K
  class space    used 1665K, capacity 1775K, committed 1792K, reserved 1048576K
Event: 307.698 GC heap after
Heap after GC invocations=39 (full 7):
 PSYoungGen      total 135680K, used 1568K [0x00000000eb400000, 0x00000000f4d00000, 0x0000000100000000)
  eden space 133632K, 0% used [0x00000000eb400000,0x00000000eb400000,0x00000000f3680000)
  from space 2048K, 76% used [0x00000000f4b00000,0x00000000f4c88010,0x00000000f4d00000)
  to   space 4608K, 0% used [0x00000000f4400000,0x00000000f4400000,0x00000000f4880000)
 ParOldGen       total 369664K, used 265952K [0x00000000c1c00000, 0x00000000d8500000, 0x00000000eb400000)
  object space 369664K, 71% used [0x00000000c1c00000,0x00000000d1fb81e8,0x00000000d8500000)
 Metaspace       used 15397K, capacity 15626K, committed 15872K, reserved 1062912K
  class space    used 1665K, capacity 1775K, committed 1792K, reserved 1048576K
}
Event: 335.872 GC heap before
{Heap before GC invocations=40 (full 7):
 PSYoungGen      total 135680K, used 135200K [0x00000000eb400000, 0x00000000f4d00000, 0x0000000100000000)
  eden space 133632K, 100% used [0x00000000eb400000,0x00000000f3680000,0x00000000f3680000)
  from space 2048K, 76% used [0x00000000f4b00000,0x00000000f4c88010,0x00000000f4d00000)
  to   space 4608K, 0% used [0x00000000f4400000,0x00000000f4400000,0x00000000f4880000)
 ParOldGen       total 369664K, used 265952K [0x00000000c1c00000, 0x00000000d8500000, 0x00000000eb400000)
  object space 369664K, 71% used [0x00000000c1c00000,0x00000000d1fb81e8,0x00000000d8500000)
 Metaspace       used 15397K, capacity 15626K, committed 15872K, reserved 1062912K
  class space    used 1665K, capacity 1775K, committed 1792K, reserved 1048576K
Event: 335.874 GC heap after
Heap after GC invocations=40 (full 7):
 PSYoungGen      total 132608K, used 1600K [0x00000000eb400000, 0x00000000f4b80000, 0x0000000100000000)
  eden space 130560K, 0% used [0x00000000eb400000,0x00000000eb400000,0x00000000f3380000)
  from space 2048K, 78% used [0x00000000f4400000,0x00000000f4590010,0x00000000f4600000)
  to   space 4608K, 0% used [0x00000000f4700000,0x00000000f4700000,0x00000000f4b80000)
 ParOldGen       total 369664K, used 265952K [0x00000000c1c00000, 0x00000000d8500000, 0x00000000eb400000)
  object space 369664K, 71% used [0x00000000c1c00000,0x00000000d1fb81e8,0x00000000d8500000)
 Metaspace       used 15397K, capacity 15626K, committed 15872K, reserved 1062912K
  class space    used 1665K, capacity 1775K, committed 1792K, reserved 1048576K
}

