# JRE version: Java(TM) SE Runtime Environment (8.0_45-b15) (build 1.8.0_45-b15)
# Java VM: Java HotSpot(TM) 64-Bit Server VM (25.45-b02 mixed mode windows-amd64 compressed oops)
Heap:
 PSYoungGen      total 158720K, used 91546K [0x00000000eb400000, 0x00000000f9a00000, 0x0000000100000000)
  eden space 107008K, 48% used [0x00000000eb400000,0x00000000ee6a7718,0x00000000f1c80000)
  from space 51712K, 76% used [0x00000000f1c80000,0x00000000f433f3b0,0x00000000f4f00000)
  to   space 56320K, 0% used [0x00000000f6300000,0x00000000f6300000,0x00000000f9a00000)
 ParOldGen       total 268800K, used 168866K [0x00000000c1c00000, 0x00000000d2280000, 0x00000000eb400000)
  object space 268800K, 62% used [0x00000000c1c00000,0x00000000cc0e8b70,0x00000000d2280000)
 Metaspace       used 15815K, capacity 16042K, committed 16256K, reserved 1062912K
  class space    used 1704K, capacity 1807K, committed 1920K, reserved 1048576K
GC Heap History (10 events):
Event: 3.284 GC heap before
{Heap before GC invocations=18 (full 5):
 PSYoungGen      total 96768K, used 92800K [0x00000000eb400000, 0x00000000f3200000, 0x0000000100000000)
  eden space 72192K, 100% used [0x00000000eb400000,0x00000000efa80000,0x00000000efa80000)
  from space 24576K, 83% used [0x00000000f1580000,0x00000000f29a0050,0x00000000f2d80000)
  to   space 27648K, 0% used [0x00000000efa80000,0x00000000efa80000,0x00000000f1580000)
 ParOldGen       total 268800K, used 141090K [0x00000000c1c00000, 0x00000000d2280000, 0x00000000eb400000)
  object space 268800K, 52% used [0x00000000c1c00000,0x00000000ca5c8950,0x00000000d2280000)
 Metaspace       used 10809K, capacity 11070K, committed 11264K, reserved 1058816K
  class space    used 1121K, capacity 1216K, committed 1280K, reserved 1048576K
Event: 3.290 GC heap after
Heap after GC invocations=18 (full 5):
 PSYoungGen      total 99840K, used 26752K [0x00000000eb400000, 0x00000000f4c80000, 0x0000000100000000)
  eden space 72192K, 0% used [0x00000000eb400000,0x00000000eb400000,0x00000000efa80000)
  from space 27648K, 96% used [0x00000000efa80000,0x00000000f14a0060,0x00000000f1580000)
  to   space 32256K, 0% used [0x00000000f2d00000,0x00000000f2d00000,0x00000000f4c80000)
 ParOldGen       total 268800K, used 141090K [0x00000000c1c00000, 0x00000000d2280000, 0x00000000eb400000)
  object space 268800K, 52% used [0x00000000c1c00000,0x00000000ca5c8950,0x00000000d2280000)
 Metaspace       used 10809K, capacity 11070K, committed 11264K, reserved 1058816K
  class space    used 1121K, capacity 1216K, committed 1280K, reserved 1048576K
}
Event: 3.588 GC heap before
{Heap before GC invocations=19 (full 5):
 PSYoungGen      total 99840K, used 97939K [0x00000000eb400000, 0x00000000f4c80000, 0x0000000100000000)
  eden space 72192K, 98% used [0x00000000eb400000,0x00000000ef984f28,0x00000000efa80000)
  from space 27648K, 96% used [0x00000000efa80000,0x00000000f14a0060,0x00000000f1580000)
  to   space 32256K, 0% used [0x00000000f2d00000,0x00000000f2d00000,0x00000000f4c80000)
 ParOldGen       total 268800K, used 141090K [0x00000000c1c00000, 0x00000000d2280000, 0x00000000eb400000)
  object space 268800K, 52% used [0x00000000c1c00000,0x00000000ca5c8950,0x00000000d2280000)
 Metaspace       used 10936K, capacity 11230K, committed 11264K, reserved 1058816K
  class space    used 1132K, capacity 1248K, committed 1280K, reserved 1048576K
Event: 3.601 GC heap after
Heap after GC invocations=19 (full 5):
 PSYoungGen      total 119296K, used 27968K [0x00000000eb400000, 0x00000000f5580000, 0x0000000100000000)
  eden space 87040K, 0% used [0x00000000eb400000,0x00000000eb400000,0x00000000f0900000)
  from space 32256K, 86% used [0x00000000f2d00000,0x00000000f4850080,0x00000000f4c80000)
  to   space 36864K, 0% used [0x00000000f0900000,0x00000000f0900000,0x00000000f2d00000)
 ParOldGen       total 268800K, used 163466K [0x00000000c1c00000, 0x00000000d2280000, 0x00000000eb400000)
  object space 268800K, 60% used [0x00000000c1c00000,0x00000000cbba2b70,0x00000000d2280000)
 Metaspace       used 10936K, capacity 11230K, committed 11264K, reserved 1058816K
  class space    used 1132K, capacity 1248K, committed 1280K, reserved 1048576K
}
Event: 3.852 GC heap before
{Heap before GC invocations=20 (full 5):
 PSYoungGen      total 119296K, used 115008K [0x00000000eb400000, 0x00000000f5580000, 0x0000000100000000)
  eden space 87040K, 100% used [0x00000000eb400000,0x00000000f0900000,0x00000000f0900000)
  from space 32256K, 86% used [0x00000000f2d00000,0x00000000f4850080,0x00000000f4c80000)
  to   space 36864K, 0% used [0x00000000f0900000,0x00000000f0900000,0x00000000f2d00000)
 ParOldGen       total 268800K, used 163466K [0x00000000c1c00000, 0x00000000d2280000, 0x00000000eb400000)
  object space 268800K, 60% used [0x00000000c1c00000,0x00000000cbba2b70,0x00000000d2280000)
 Metaspace       used 11118K, capacity 11358K, committed 11520K, reserved 1058816K
  class space    used 1152K, capacity 1248K, committed 1280K, reserved 1048576K
Event: 3.872 GC heap after
Heap after GC invocations=20 (full 5):
 PSYoungGen      total 123904K, used 36860K [0x00000000eb400000, 0x00000000f7b80000, 0x0000000100000000)
  eden space 87040K, 0% used [0x00000000eb400000,0x00000000eb400000,0x00000000f0900000)
  from space 36864K, 99% used [0x00000000f0900000,0x00000000f2cff1a8,0x00000000f2d00000)
  to   space 45568K, 0% used [0x00000000f4f00000,0x00000000f4f00000,0x00000000f7b80000)
 ParOldGen       total 268800K, used 168850K [0x00000000c1c00000, 0x00000000d2280000, 0x00000000eb400000)
  object space 268800K, 62% used [0x00000000c1c00000,0x00000000cc0e4b70,0x00000000d2280000)
 Metaspace       used 11118K, capacity 11358K, committed 11520K, reserved 1058816K
  class space    used 1152K, capacity 1248K, committed 1280K, reserved 1048576K
}
Event: 10.885 GC heap before
{Heap before GC invocations=21 (full 5):
 PSYoungGen      total 123904K, used 123900K [0x00000000eb400000, 0x00000000f7b80000, 0x0000000100000000)
  eden space 87040K, 100% used [0x00000000eb400000,0x00000000f0900000,0x00000000f0900000)
  from space 36864K, 99% used [0x00000000f0900000,0x00000000f2cff1a8,0x00000000f2d00000)
  to   space 45568K, 0% used [0x00000000f4f00000,0x00000000f4f00000,0x00000000f7b80000)
 ParOldGen       total 268800K, used 168850K [0x00000000c1c00000, 0x00000000d2280000, 0x00000000eb400000)
  object space 268800K, 62% used [0x00000000c1c00000,0x00000000cc0e4b70,0x00000000d2280000)
 Metaspace       used 15796K, capacity 16042K, committed 16256K, reserved 1062912K
  class space    used 1704K, capacity 1807K, committed 1920K, reserved 1048576K
Event: 10.901 GC heap after
Heap after GC invocations=21 (full 5):
 PSYoungGen      total 152576K, used 39696K [0x00000000eb400000, 0x00000000f8400000, 0x0000000100000000)
  eden space 107008K, 0% used [0x00000000eb400000,0x00000000eb400000,0x00000000f1c80000)
  from space 45568K, 87% used [0x00000000f4f00000,0x00000000f75c4160,0x00000000f7b80000)
  to   space 51712K, 0% used [0x00000000f1c80000,0x00000000f1c80000,0x00000000f4f00000)
 ParOldGen       total 268800K, used 168858K [0x00000000c1c00000, 0x00000000d2280000, 0x00000000eb400000)
  object space 268800K, 62% used [0x00000000c1c00000,0x00000000cc0e6b70,0x00000000d2280000)
 Metaspace       used 15796K, capacity 16042K, committed 16256K, reserved 1062912K
  class space    used 1704K, capacity 1807K, committed 1920K, reserved 1048576K
}
Event: 34.992 GC heap before
{Heap before GC invocations=22 (full 5):
 PSYoungGen      total 152576K, used 146704K [0x00000000eb400000, 0x00000000f8400000, 0x0000000100000000)
  eden space 107008K, 100% used [0x00000000eb400000,0x00000000f1c80000,0x00000000f1c80000)
  from space 45568K, 87% used [0x00000000f4f00000,0x00000000f75c4160,0x00000000f7b80000)
  to   space 51712K, 0% used [0x00000000f1c80000,0x00000000f1c80000,0x00000000f4f00000)
 ParOldGen       total 268800K, used 168858K [0x00000000c1c00000, 0x00000000d2280000, 0x00000000eb400000)
  object space 268800K, 62% used [0x00000000c1c00000,0x00000000cc0e6b70,0x00000000d2280000)
 Metaspace       used 15801K, capacity 16042K, committed 16256K, reserved 1062912K
  class space    used 1704K, capacity 1807K, committed 1920K, reserved 1048576K
Event: 35.006 GC heap after
Heap after GC invocations=22 (full 5):
 PSYoungGen      total 158720K, used 39676K [0x00000000eb400000, 0x00000000f9a00000, 0x0000000100000000)
  eden space 107008K, 0% used [0x00000000eb400000,0x00000000eb400000,0x00000000f1c80000)
  from space 51712K, 76% used [0x00000000f1c80000,0x00000000f433f3b0,0x00000000f4f00000)
  to   space 56320K, 0% used [0x00000000f6300000,0x00000000f6300000,0x00000000f9a00000)
 ParOldGen       total 268800K, used 168866K [0x00000000c1c00000, 0x00000000d2280000, 0x00000000eb400000)
  object space 268800K, 62% used [0x00000000c1c00000,0x00000000cc0e8b70,0x00000000d2280000)
 Metaspace       used 15801K, capacity 16042K, committed 16256K, reserved 1062912K
  class space    used 1704K, capacity 1807K, committed 1920K, reserved 1048576K
}

