# JRE version: Java(TM) SE Runtime Environment (8.0_45-b15) (build 1.8.0_45-b15)
# Java VM: Java HotSpot(TM) 64-Bit Server VM (25.45-b02 mixed mode windows-amd64 compressed oops)
Heap:
 PSYoungGen      total 161792K, used 156665K [0x00000000eb400000, 0x00000000f8a00000, 0x0000000100000000)
  eden space 118784K, 99% used [0x00000000eb400000,0x00000000f278bee0,0x00000000f2800000)
  from space 43008K, 89% used [0x00000000f5800000,0x00000000f7d728c8,0x00000000f8200000)
  to   space 49152K, 0% used [0x00000000f2800000,0x00000000f2800000,0x00000000f5800000)
 ParOldGen       total 271360K, used 194461K [0x00000000c1c00000, 0x00000000d2500000, 0x00000000eb400000)
  object space 271360K, 71% used [0x00000000c1c00000,0x00000000cd9e77b8,0x00000000d2500000)
 Metaspace       used 17186K, capacity 17406K, committed 17664K, reserved 1064960K
  class space    used 1838K, capacity 1937K, committed 2048K, reserved 1048576K
GC Heap History (10 events):
Event: 4.923 GC heap before
{Heap before GC invocations=17 (full 5):
 PSYoungGen      total 82432K, used 60416K [0x00000000eb400000, 0x00000000f2b80000, 0x0000000100000000)
  eden space 60416K, 100% used [0x00000000eb400000,0x00000000eef00000,0x00000000eef00000)
  from space 22016K, 0% used [0x00000000eef00000,0x00000000eef00000,0x00000000f0480000)
  to   space 20992K, 0% used [0x00000000f1700000,0x00000000f1700000,0x00000000f2b80000)
 ParOldGen       total 271360K, used 128562K [0x00000000c1c00000, 0x00000000d2500000, 0x00000000eb400000)
  object space 271360K, 47% used [0x00000000c1c00000,0x00000000c998cae0,0x00000000d2500000)
 Metaspace       used 11446K, capacity 11710K, committed 11776K, reserved 1060864K
  class space    used 1185K, capacity 1280K, committed 1280K, reserved 1048576K
Event: 4.936 GC heap after
Heap after GC invocations=17 (full 5):
 PSYoungGen      total 97280K, used 20952K [0x00000000eb400000, 0x00000000f3380000, 0x0000000100000000)
  eden space 76288K, 0% used [0x00000000eb400000,0x00000000eb400000,0x00000000efe80000)
  from space 20992K, 99% used [0x00000000f1700000,0x00000000f2b76070,0x00000000f2b80000)
  to   space 25088K, 0% used [0x00000000efe80000,0x00000000efe80000,0x00000000f1700000)
 ParOldGen       total 271360K, used 159290K [0x00000000c1c00000, 0x00000000d2500000, 0x00000000eb400000)
  object space 271360K, 58% used [0x00000000c1c00000,0x00000000cb78eb00,0x00000000d2500000)
 Metaspace       used 11446K, capacity 11710K, committed 11776K, reserved 1060864K
  class space    used 1185K, capacity 1280K, committed 1280K, reserved 1048576K
}
Event: 5.578 GC heap before
{Heap before GC invocations=18 (full 5):
 PSYoungGen      total 97280K, used 97240K [0x00000000eb400000, 0x00000000f3380000, 0x0000000100000000)
  eden space 76288K, 100% used [0x00000000eb400000,0x00000000efe80000,0x00000000efe80000)
  from space 20992K, 99% used [0x00000000f1700000,0x00000000f2b76070,0x00000000f2b80000)
  to   space 25088K, 0% used [0x00000000efe80000,0x00000000efe80000,0x00000000f1700000)
 ParOldGen       total 271360K, used 159290K [0x00000000c1c00000, 0x00000000d2500000, 0x00000000eb400000)
  object space 271360K, 58% used [0x00000000c1c00000,0x00000000cb78eb00,0x00000000d2500000)
 Metaspace       used 11449K, capacity 11710K, committed 11776K, reserved 1060864K
  class space    used 1185K, capacity 1280K, committed 1280K, reserved 1048576K
Event: 5.589 GC heap after
Heap after GC invocations=18 (full 5):
 PSYoungGen      total 101376K, used 20952K [0x00000000eb400000, 0x00000000f4c80000, 0x0000000100000000)
  eden space 76288K, 0% used [0x00000000eb400000,0x00000000eb400000,0x00000000efe80000)
  from space 25088K, 83% used [0x00000000efe80000,0x00000000f12f6070,0x00000000f1700000)
  to   space 28160K, 0% used [0x00000000f3100000,0x00000000f3100000,0x00000000f4c80000)
 ParOldGen       total 271360K, used 171586K [0x00000000c1c00000, 0x00000000d2500000, 0x00000000eb400000)
  object space 271360K, 63% used [0x00000000c1c00000,0x00000000cc390b20,0x00000000d2500000)
 Metaspace       used 11449K, capacity 11710K, committed 11776K, reserved 1060864K
  class space    used 1185K, capacity 1280K, committed 1280K, reserved 1048576K
}
Event: 6.001 GC heap before
{Heap before GC invocations=19 (full 5):
 PSYoungGen      total 101376K, used 97240K [0x00000000eb400000, 0x00000000f4c80000, 0x0000000100000000)
  eden space 76288K, 100% used [0x00000000eb400000,0x00000000efe80000,0x00000000efe80000)
  from space 25088K, 83% used [0x00000000efe80000,0x00000000f12f6070,0x00000000f1700000)
  to   space 28160K, 0% used [0x00000000f3100000,0x00000000f3100000,0x00000000f4c80000)
 ParOldGen       total 271360K, used 171586K [0x00000000c1c00000, 0x00000000d2500000, 0x00000000eb400000)
  object space 271360K, 63% used [0x00000000c1c00000,0x00000000cc390b20,0x00000000d2500000)
 Metaspace       used 11461K, capacity 11710K, committed 11776K, reserved 1060864K
  class space    used 1186K, capacity 1280K, committed 1280K, reserved 1048576K
Event: 6.010 GC heap after
Heap after GC invocations=19 (full 5):
 PSYoungGen      total 123392K, used 27443K [0x00000000eb400000, 0x00000000f5400000, 0x0000000100000000)
  eden space 95232K, 0% used [0x00000000eb400000,0x00000000eb400000,0x00000000f1100000)
  from space 28160K, 97% used [0x00000000f3100000,0x00000000f4bccc90,0x00000000f4c80000)
  to   space 32768K, 0% used [0x00000000f1100000,0x00000000f1100000,0x00000000f3100000)
 ParOldGen       total 271360K, used 183736K [0x00000000c1c00000, 0x00000000d2500000, 0x00000000eb400000)
  object space 271360K, 67% used [0x00000000c1c00000,0x00000000ccf6e340,0x00000000d2500000)
 Metaspace       used 11461K, capacity 11710K, committed 11776K, reserved 1060864K
  class space    used 1186K, capacity 1280K, committed 1280K, reserved 1048576K
}
Event: 6.300 GC heap before
{Heap before GC invocations=20 (full 5):
 PSYoungGen      total 123392K, used 122675K [0x00000000eb400000, 0x00000000f5400000, 0x0000000100000000)
  eden space 95232K, 100% used [0x00000000eb400000,0x00000000f1100000,0x00000000f1100000)
  from space 28160K, 97% used [0x00000000f3100000,0x00000000f4bccc90,0x00000000f4c80000)
  to   space 32768K, 0% used [0x00000000f1100000,0x00000000f1100000,0x00000000f3100000)
 ParOldGen       total 271360K, used 183736K [0x00000000c1c00000, 0x00000000d2500000, 0x00000000eb400000)
  object space 271360K, 67% used [0x00000000c1c00000,0x00000000ccf6e340,0x00000000d2500000)
 Metaspace       used 11658K, capacity 11902K, committed 12032K, reserved 1060864K
  class space    used 1201K, capacity 1280K, committed 1280K, reserved 1048576K
Event: 6.319 GC heap after
Heap after GC invocations=20 (full 5):
 PSYoungGen      total 128000K, used 32759K [0x00000000eb400000, 0x00000000f8200000, 0x0000000100000000)
  eden space 95232K, 0% used [0x00000000eb400000,0x00000000eb400000,0x00000000f1100000)
  from space 32768K, 99% used [0x00000000f1100000,0x00000000f30fdcf0,0x00000000f3100000)
  to   space 43008K, 0% used [0x00000000f5800000,0x00000000f5800000,0x00000000f8200000)
 ParOldGen       total 271360K, used 194453K [0x00000000c1c00000, 0x00000000d2500000, 0x00000000eb400000)
  object space 271360K, 71% used [0x00000000c1c00000,0x00000000cd9e57b8,0x00000000d2500000)
 Metaspace       used 11658K, capacity 11902K, committed 12032K, reserved 1060864K
  class space    used 1201K, capacity 1280K, committed 1280K, reserved 1048576K
}
Event: 15.766 GC heap before
{Heap before GC invocations=21 (full 5):
 PSYoungGen      total 128000K, used 127991K [0x00000000eb400000, 0x00000000f8200000, 0x0000000100000000)
  eden space 95232K, 100% used [0x00000000eb400000,0x00000000f1100000,0x00000000f1100000)
  from space 32768K, 99% used [0x00000000f1100000,0x00000000f30fdcf0,0x00000000f3100000)
  to   space 43008K, 0% used [0x00000000f5800000,0x00000000f5800000,0x00000000f8200000)
 ParOldGen       total 271360K, used 194453K [0x00000000c1c00000, 0x00000000d2500000, 0x00000000eb400000)
  object space 271360K, 71% used [0x00000000c1c00000,0x00000000cd9e57b8,0x00000000d2500000)
 Metaspace       used 16613K, capacity 16816K, committed 17024K, reserved 1064960K
  class space    used 1801K, capacity 1872K, committed 1920K, reserved 1048576K
Event: 15.791 GC heap after
Heap after GC invocations=21 (full 5):
 PSYoungGen      total 161792K, used 38346K [0x00000000eb400000, 0x00000000f8a00000, 0x0000000100000000)
  eden space 118784K, 0% used [0x00000000eb400000,0x00000000eb400000,0x00000000f2800000)
  from space 43008K, 89% used [0x00000000f5800000,0x00000000f7d728c8,0x00000000f8200000)
  to   space 49152K, 0% used [0x00000000f2800000,0x00000000f2800000,0x00000000f5800000)
 ParOldGen       total 271360K, used 194461K [0x00000000c1c00000, 0x00000000d2500000, 0x00000000eb400000)
  object space 271360K, 71% used [0x00000000c1c00000,0x00000000cd9e77b8,0x00000000d2500000)
 Metaspace       used 16613K, capacity 16816K, committed 17024K, reserved 1064960K
  class space    used 1801K, capacity 1872K, committed 1920K, reserved 1048576K
}

