# JRE version: Java(TM) SE Runtime Environment (8.0_45-b15) (build 1.8.0_45-b15)
# Java VM: Java HotSpot(TM) 64-Bit Server VM (25.45-b02 mixed mode windows-amd64 compressed oops)
Heap:
 PSYoungGen      total 34816K, used 4070K [0x00000000eb400000, 0x00000000f0300000, 0x0000000100000000)
  eden space 31744K, 4% used [0x00000000eb400000,0x00000000eb56b880,0x00000000ed300000)
  from space 3072K, 85% used [0x00000000f0000000,0x00000000f028e060,0x00000000f0300000)
  to   space 12288K, 0% used [0x00000000eeb00000,0x00000000eeb00000,0x00000000ef700000)
 ParOldGen       total 44032K, used 16665K [0x00000000c1c00000, 0x00000000c4700000, 0x00000000eb400000)
  object space 44032K, 37% used [0x00000000c1c00000,0x00000000c2c46548,0x00000000c4700000)
 Metaspace       used 15261K, capacity 15466K, committed 15616K, reserved 1062912K
  class space    used 1656K, capacity 1743K, committed 1792K, reserved 1048576K
GC Heap History (10 events):
Event: 0.586 GC heap before
{Heap before GC invocations=2 (full 0):
 PSYoungGen      total 18944K, used 18892K [0x00000000eb400000, 0x00000000ec900000, 0x0000000100000000)
  eden space 16384K, 99% used [0x00000000eb400000,0x00000000ec3fb168,0x00000000ec400000)
  from space 2560K, 98% used [0x00000000ec400000,0x00000000ec678040,0x00000000ec680000)
  to   space 2560K, 0% used [0x00000000ec680000,0x00000000ec680000,0x00000000ec900000)
 ParOldGen       total 44032K, used 1424K [0x00000000c1c00000, 0x00000000c4700000, 0x00000000eb400000)
  object space 44032K, 3% used [0x00000000c1c00000,0x00000000c1d643f8,0x00000000c4700000)
 Metaspace       used 10601K, capacity 10846K, committed 11008K, reserved 1058816K
  class space    used 1105K, capacity 1184K, committed 1280K, reserved 1048576K
Event: 0.588 GC heap after
Heap after GC invocations=2 (full 0):
 PSYoungGen      total 18944K, used 2544K [0x00000000eb400000, 0x00000000ed900000, 0x0000000100000000)
  eden space 16384K, 0% used [0x00000000eb400000,0x00000000eb400000,0x00000000ec400000)
  from space 2560K, 99% used [0x00000000ec680000,0x00000000ec8fc070,0x00000000ec900000)
  to   space 2560K, 0% used [0x00000000ec400000,0x00000000ec400000,0x00000000ec680000)
 ParOldGen       total 44032K, used 4222K [0x00000000c1c00000, 0x00000000c4700000, 0x00000000eb400000)
  object space 44032K, 9% used [0x00000000c1c00000,0x00000000c201f8d8,0x00000000c4700000)
 Metaspace       used 10601K, capacity 10846K, committed 11008K, reserved 1058816K
  class space    used 1105K, capacity 1184K, committed 1280K, reserved 1048576K
}
Event: 0.747 GC heap before
{Heap before GC invocations=3 (full 0):
 PSYoungGen      total 18944K, used 18928K [0x00000000eb400000, 0x00000000ed900000, 0x0000000100000000)
  eden space 16384K, 100% used [0x00000000eb400000,0x00000000ec400000,0x00000000ec400000)
  from space 2560K, 99% used [0x00000000ec680000,0x00000000ec8fc070,0x00000000ec900000)
  to   space 2560K, 0% used [0x00000000ec400000,0x00000000ec400000,0x00000000ec680000)
 ParOldGen       total 44032K, used 4222K [0x00000000c1c00000, 0x00000000c4700000, 0x00000000eb400000)
  object space 44032K, 9% used [0x00000000c1c00000,0x00000000c201f8d8,0x00000000c4700000)
 Metaspace       used 12403K, capacity 12684K, committed 13056K, reserved 1060864K
  class space    used 1336K, capacity 1415K, committed 1536K, reserved 1048576K
Event: 0.749 GC heap after
Heap after GC invocations=3 (full 0):
 PSYoungGen      total 18944K, used 2552K [0x00000000eb400000, 0x00000000ed900000, 0x0000000100000000)
  eden space 16384K, 0% used [0x00000000eb400000,0x00000000eb400000,0x00000000ec400000)
  from space 2560K, 99% used [0x00000000ec400000,0x00000000ec67e060,0x00000000ec680000)
  to   space 2560K, 0% used [0x00000000ed680000,0x00000000ed680000,0x00000000ed900000)
 ParOldGen       total 44032K, used 6264K [0x00000000c1c00000, 0x00000000c4700000, 0x00000000eb400000)
  object space 44032K, 14% used [0x00000000c1c00000,0x00000000c221e1f8,0x00000000c4700000)
 Metaspace       used 12403K, capacity 12684K, committed 13056K, reserved 1060864K
  class space    used 1336K, capacity 1415K, committed 1536K, reserved 1048576K
}
Event: 3.954 GC heap before
{Heap before GC invocations=4 (full 0):
 PSYoungGen      total 18944K, used 18936K [0x00000000eb400000, 0x00000000ed900000, 0x0000000100000000)
  eden space 16384K, 100% used [0x00000000eb400000,0x00000000ec400000,0x00000000ec400000)
  from space 2560K, 99% used [0x00000000ec400000,0x00000000ec67e060,0x00000000ec680000)
  to   space 2560K, 0% used [0x00000000ed680000,0x00000000ed680000,0x00000000ed900000)
 ParOldGen       total 44032K, used 6264K [0x00000000c1c00000, 0x00000000c4700000, 0x00000000eb400000)
  object space 44032K, 14% used [0x00000000c1c00000,0x00000000c221e1f8,0x00000000c4700000)
 Metaspace       used 15252K, capacity 15466K, committed 15616K, reserved 1062912K
  class space    used 1656K, capacity 1743K, committed 1792K, reserved 1048576K
Event: 3.960 GC heap after
Heap after GC invocations=4 (full 0):
 PSYoungGen      total 35328K, used 2552K [0x00000000eb400000, 0x00000000ed900000, 0x0000000100000000)
  eden space 32768K, 0% used [0x00000000eb400000,0x00000000eb400000,0x00000000ed400000)
  from space 2560K, 99% used [0x00000000ed680000,0x00000000ed8fe060,0x00000000ed900000)
  to   space 2560K, 0% used [0x00000000ed400000,0x00000000ed400000,0x00000000ed680000)
 ParOldGen       total 44032K, used 16601K [0x00000000c1c00000, 0x00000000c4700000, 0x00000000eb400000)
  object space 44032K, 37% used [0x00000000c1c00000,0x00000000c2c36548,0x00000000c4700000)
 Metaspace       used 15252K, capacity 15466K, committed 15616K, reserved 1062912K
  class space    used 1656K, capacity 1743K, committed 1792K, reserved 1048576K
}
Event: 11.329 GC heap before
{Heap before GC invocations=5 (full 0):
 PSYoungGen      total 35328K, used 35320K [0x00000000eb400000, 0x00000000ed900000, 0x0000000100000000)
  eden space 32768K, 100% used [0x00000000eb400000,0x00000000ed400000,0x00000000ed400000)
  from space 2560K, 99% used [0x00000000ed680000,0x00000000ed8fe060,0x00000000ed900000)
  to   space 2560K, 0% used [0x00000000ed400000,0x00000000ed400000,0x00000000ed680000)
 ParOldGen       total 44032K, used 16601K [0x00000000c1c00000, 0x00000000c4700000, 0x00000000eb400000)
  object space 44032K, 37% used [0x00000000c1c00000,0x00000000c2c36548,0x00000000c4700000)
 Metaspace       used 15258K, capacity 15466K, committed 15616K, reserved 1062912K
  class space    used 1656K, capacity 1743K, committed 1792K, reserved 1048576K
Event: 11.332 GC heap after
Heap after GC invocations=5 (full 0):
 PSYoungGen      total 35328K, used 2552K [0x00000000eb400000, 0x00000000f0c00000, 0x0000000100000000)
  eden space 32768K, 0% used [0x00000000eb400000,0x00000000eb400000,0x00000000ed400000)
  from space 2560K, 99% used [0x00000000ed400000,0x00000000ed67e060,0x00000000ed680000)
  to   space 12288K, 0% used [0x00000000f0000000,0x00000000f0000000,0x00000000f0c00000)
 ParOldGen       total 44032K, used 16665K [0x00000000c1c00000, 0x00000000c4700000, 0x00000000eb400000)
  object space 44032K, 37% used [0x00000000c1c00000,0x00000000c2c46548,0x00000000c4700000)
 Metaspace       used 15258K, capacity 15466K, committed 15616K, reserved 1062912K
  class space    used 1656K, capacity 1743K, committed 1792K, reserved 1048576K
}
Event: 18.463 GC heap before
{Heap before GC invocations=6 (full 0):
 PSYoungGen      total 35328K, used 35320K [0x00000000eb400000, 0x00000000f0c00000, 0x0000000100000000)
  eden space 32768K, 100% used [0x00000000eb400000,0x00000000ed400000,0x00000000ed400000)
  from space 2560K, 99% used [0x00000000ed400000,0x00000000ed67e060,0x00000000ed680000)
  to   space 12288K, 0% used [0x00000000f0000000,0x00000000f0000000,0x00000000f0c00000)
 ParOldGen       total 44032K, used 16665K [0x00000000c1c00000, 0x00000000c4700000, 0x00000000eb400000)
  object space 44032K, 37% used [0x00000000c1c00000,0x00000000c2c46548,0x00000000c4700000)
 Metaspace       used 15259K, capacity 15466K, committed 15616K, reserved 1062912K
  class space    used 1656K, capacity 1743K, committed 1792K, reserved 1048576K
Event: 18.466 GC heap after
Heap after GC invocations=6 (full 0):
 PSYoungGen      total 34816K, used 2616K [0x00000000eb400000, 0x00000000f0300000, 0x0000000100000000)
  eden space 31744K, 0% used [0x00000000eb400000,0x00000000eb400000,0x00000000ed300000)
  from space 3072K, 85% used [0x00000000f0000000,0x00000000f028e060,0x00000000f0300000)
  to   space 12288K, 0% used [0x00000000eeb00000,0x00000000eeb00000,0x00000000ef700000)
 ParOldGen       total 44032K, used 16665K [0x00000000c1c00000, 0x00000000c4700000, 0x00000000eb400000)
  object space 44032K, 37% used [0x00000000c1c00000,0x00000000c2c46548,0x00000000c4700000)
 Metaspace       used 15259K, capacity 15466K, committed 15616K, reserved 1062912K
  class space    used 1656K, capacity 1743K, committed 1792K, reserved 1048576K
}

