# JRE version: Java(TM) SE Runtime Environment (8.0_45-b15) (build 1.8.0_45-b15)
# Java VM: Java HotSpot(TM) 64-Bit Server VM (25.45-b02 mixed mode windows-amd64 compressed oops)
Heap:
 PSYoungGen      total 72704K, used 42223K [0x00000000eb400000, 0x00000000f0a80000, 0x0000000100000000)
  eden space 60928K, 68% used [0x00000000eb400000,0x00000000edd0bc38,0x00000000eef80000)
  from space 11776K, 1% used [0x00000000eff00000,0x00000000eff30000,0x00000000f0a80000)
  to   space 13824K, 0% used [0x00000000eef80000,0x00000000eef80000,0x00000000efd00000)
 ParOldGen       total 44032K, used 23160K [0x00000000c1c00000, 0x00000000c4700000, 0x00000000eb400000)
  object space 44032K, 52% used [0x00000000c1c00000,0x00000000c329e050,0x00000000c4700000)
 Metaspace       used 15415K, capacity 15690K, committed 15872K, reserved 1062912K
  class space    used 1662K, capacity 1775K, committed 1792K, reserved 1048576K
GC Heap History (10 events):
Event: 2.022 GC heap before
{Heap before GC invocations=4 (full 0):
 PSYoungGen      total 18944K, used 18912K [0x00000000eb400000, 0x00000000ed900000, 0x0000000100000000)
  eden space 16384K, 100% used [0x00000000eb400000,0x00000000ec400000,0x00000000ec400000)
  from space 2560K, 98% used [0x00000000ec400000,0x00000000ec6780d0,0x00000000ec680000)
  to   space 2560K, 0% used [0x00000000ed680000,0x00000000ed680000,0x00000000ed900000)
 ParOldGen       total 44032K, used 8936K [0x00000000c1c00000, 0x00000000c4700000, 0x00000000eb400000)
  object space 44032K, 20% used [0x00000000c1c00000,0x00000000c24ba288,0x00000000c4700000)
 Metaspace       used 15188K, capacity 15434K, committed 15616K, reserved 1062912K
  class space    used 1662K, capacity 1775K, committed 1792K, reserved 1048576K
Event: 2.030 GC heap after
Heap after GC invocations=4 (full 0):
 PSYoungGen      total 35328K, used 2528K [0x00000000eb400000, 0x00000000ed900000, 0x0000000100000000)
  eden space 32768K, 0% used [0x00000000eb400000,0x00000000eb400000,0x00000000ed400000)
  from space 2560K, 98% used [0x00000000ed680000,0x00000000ed8f80a0,0x00000000ed900000)
  to   space 2560K, 0% used [0x00000000ed400000,0x00000000ed400000,0x00000000ed680000)
 ParOldGen       total 44032K, used 20543K [0x00000000c1c00000, 0x00000000c4700000, 0x00000000eb400000)
  object space 44032K, 46% used [0x00000000c1c00000,0x00000000c300ff60,0x00000000c4700000)
 Metaspace       used 15188K, capacity 15434K, committed 15616K, reserved 1062912K
  class space    used 1662K, capacity 1775K, committed 1792K, reserved 1048576K
}
Event: 7.749 GC heap before
{Heap before GC invocations=5 (full 0):
 PSYoungGen      total 35328K, used 35296K [0x00000000eb400000, 0x00000000ed900000, 0x0000000100000000)
  eden space 32768K, 100% used [0x00000000eb400000,0x00000000ed400000,0x00000000ed400000)
  from space 2560K, 98% used [0x00000000ed680000,0x00000000ed8f80a0,0x00000000ed900000)
  to   space 2560K, 0% used [0x00000000ed400000,0x00000000ed400000,0x00000000ed680000)
 ParOldGen       total 44032K, used 20543K [0x00000000c1c00000, 0x00000000c4700000, 0x00000000eb400000)
  object space 44032K, 46% used [0x00000000c1c00000,0x00000000c300ff60,0x00000000c4700000)
 Metaspace       used 15204K, capacity 15434K, committed 15616K, reserved 1062912K
  class space    used 1662K, capacity 1775K, committed 1792K, reserved 1048576K
Event: 7.752 GC heap after
Heap after GC invocations=5 (full 0):
 PSYoungGen      total 35328K, used 2528K [0x00000000eb400000, 0x00000000f0f00000, 0x0000000100000000)
  eden space 32768K, 0% used [0x00000000eb400000,0x00000000eb400000,0x00000000ed400000)
  from space 2560K, 98% used [0x00000000ed400000,0x00000000ed6780a0,0x00000000ed680000)
  to   space 13824K, 0% used [0x00000000f0180000,0x00000000f0180000,0x00000000f0f00000)
 ParOldGen       total 44032K, used 20607K [0x00000000c1c00000, 0x00000000c4700000, 0x00000000eb400000)
  object space 44032K, 46% used [0x00000000c1c00000,0x00000000c301ff60,0x00000000c4700000)
 Metaspace       used 15204K, capacity 15434K, committed 15616K, reserved 1062912K
  class space    used 1662K, capacity 1775K, committed 1792K, reserved 1048576K
}
Event: 13.272 GC heap before
{Heap before GC invocations=6 (full 0):
 PSYoungGen      total 35328K, used 35296K [0x00000000eb400000, 0x00000000f0f00000, 0x0000000100000000)
  eden space 32768K, 100% used [0x00000000eb400000,0x00000000ed400000,0x00000000ed400000)
  from space 2560K, 98% used [0x00000000ed400000,0x00000000ed6780a0,0x00000000ed680000)
  to   space 13824K, 0% used [0x00000000f0180000,0x00000000f0180000,0x00000000f0f00000)
 ParOldGen       total 44032K, used 20607K [0x00000000c1c00000, 0x00000000c4700000, 0x00000000eb400000)
  object space 44032K, 46% used [0x00000000c1c00000,0x00000000c301ff60,0x00000000c4700000)
 Metaspace       used 15205K, capacity 15434K, committed 15616K, reserved 1062912K
  class space    used 1662K, capacity 1775K, committed 1792K, reserved 1048576K
Event: 13.276 GC heap after
Heap after GC invocations=6 (full 0):
 PSYoungGen      total 79360K, used 2624K [0x00000000eb400000, 0x00000000f0f00000, 0x0000000100000000)
  eden space 65536K, 0% used [0x00000000eb400000,0x00000000eb400000,0x00000000ef400000)
  from space 13824K, 18% used [0x00000000f0180000,0x00000000f04100a0,0x00000000f0f00000)
  to   space 13824K, 0% used [0x00000000ef400000,0x00000000ef400000,0x00000000f0180000)
 ParOldGen       total 44032K, used 20615K [0x00000000c1c00000, 0x00000000c4700000, 0x00000000eb400000)
  object space 44032K, 46% used [0x00000000c1c00000,0x00000000c3021f60,0x00000000c4700000)
 Metaspace       used 15205K, capacity 15434K, committed 15616K, reserved 1062912K
  class space    used 1662K, capacity 1775K, committed 1792K, reserved 1048576K
}
Event: 24.180 GC heap before
{Heap before GC invocations=7 (full 0):
 PSYoungGen      total 79360K, used 68160K [0x00000000eb400000, 0x00000000f0f00000, 0x0000000100000000)
  eden space 65536K, 100% used [0x00000000eb400000,0x00000000ef400000,0x00000000ef400000)
  from space 13824K, 18% used [0x00000000f0180000,0x00000000f04100a0,0x00000000f0f00000)
  to   space 13824K, 0% used [0x00000000ef400000,0x00000000ef400000,0x00000000f0180000)
 ParOldGen       total 44032K, used 20615K [0x00000000c1c00000, 0x00000000c4700000, 0x00000000eb400000)
  object space 44032K, 46% used [0x00000000c1c00000,0x00000000c3021f60,0x00000000c4700000)
 Metaspace       used 15228K, capacity 15498K, committed 15616K, reserved 1062912K
  class space    used 1662K, capacity 1775K, committed 1792K, reserved 1048576K
Event: 24.183 GC heap after
Heap after GC invocations=7 (full 0):
 PSYoungGen      total 64512K, used 1512K [0x00000000eb400000, 0x00000000f0c80000, 0x0000000100000000)
  eden space 62976K, 0% used [0x00000000eb400000,0x00000000eb400000,0x00000000ef180000)
  from space 1536K, 98% used [0x00000000ef400000,0x00000000ef57a040,0x00000000ef580000)
  to   space 13824K, 0% used [0x00000000eff00000,0x00000000eff00000,0x00000000f0c80000)
 ParOldGen       total 44032K, used 21788K [0x00000000c1c00000, 0x00000000c4700000, 0x00000000eb400000)
  object space 44032K, 49% used [0x00000000c1c00000,0x00000000c31473e0,0x00000000c4700000)
 Metaspace       used 15228K, capacity 15498K, committed 15616K, reserved 1062912K
  class space    used 1662K, capacity 1775K, committed 1792K, reserved 1048576K
}
Event: 34.751 GC heap before
{Heap before GC invocations=8 (full 0):
 PSYoungGen      total 64512K, used 64488K [0x00000000eb400000, 0x00000000f0c80000, 0x0000000100000000)
  eden space 62976K, 100% used [0x00000000eb400000,0x00000000ef180000,0x00000000ef180000)
  from space 1536K, 98% used [0x00000000ef400000,0x00000000ef57a040,0x00000000ef580000)
  to   space 13824K, 0% used [0x00000000eff00000,0x00000000eff00000,0x00000000f0c80000)
 ParOldGen       total 44032K, used 21788K [0x00000000c1c00000, 0x00000000c4700000, 0x00000000eb400000)
  object space 44032K, 49% used [0x00000000c1c00000,0x00000000c31473e0,0x00000000c4700000)
 Metaspace       used 15414K, capacity 15690K, committed 15872K, reserved 1062912K
  class space    used 1662K, capacity 1775K, committed 1792K, reserved 1048576K
Event: 34.753 GC heap after
Heap after GC invocations=8 (full 0):
 PSYoungGen      total 72704K, used 192K [0x00000000eb400000, 0x00000000f0a80000, 0x0000000100000000)
  eden space 60928K, 0% used [0x00000000eb400000,0x00000000eb400000,0x00000000eef80000)
  from space 11776K, 1% used [0x00000000eff00000,0x00000000eff30000,0x00000000f0a80000)
  to   space 13824K, 0% used [0x00000000eef80000,0x00000000eef80000,0x00000000efd00000)
 ParOldGen       total 44032K, used 23160K [0x00000000c1c00000, 0x00000000c4700000, 0x00000000eb400000)
  object space 44032K, 52% used [0x00000000c1c00000,0x00000000c329e050,0x00000000c4700000)
 Metaspace       used 15414K, capacity 15690K, committed 15872K, reserved 1062912K
  class space    used 1662K, capacity 1775K, committed 1792K, reserved 1048576K
}

