# JRE version: Java(TM) SE Runtime Environment (8.0_45-b15) (build 1.8.0_45-b15)
# Java VM: Java HotSpot(TM) 64-Bit Server VM (25.45-b02 mixed mode windows-amd64 compressed oops)
Heap:
 PSYoungGen      total 152064K, used 136177K [0x00000000eb400000, 0x00000000f7c80000, 0x0000000100000000)
  eden space 116224K, 87% used [0x00000000eb400000,0x00000000f171f818,0x00000000f2580000)
  from space 35840K, 96% used [0x00000000f4e80000,0x00000000f705cea0,0x00000000f7180000)
  to   space 41984K, 0% used [0x00000000f2580000,0x00000000f2580000,0x00000000f4e80000)
 ParOldGen       total 276992K, used 166694K [0x00000000c1c00000, 0x00000000d2a80000, 0x00000000eb400000)
  object space 276992K, 60% used [0x00000000c1c00000,0x00000000cbec9aa8,0x00000000d2a80000)
 Metaspace       used 16626K, capacity 16816K, committed 17024K, reserved 1064960K
  class space    used 1796K, capacity 1872K, committed 1920K, reserved 1048576K
GC Heap History (10 events):
Event: 2.675 GC heap before
{Heap before GC invocations=17 (full 5):
 PSYoungGen      total 81408K, used 54032K [0x00000000eb400000, 0x00000000f2a00000, 0x0000000100000000)
  eden space 58880K, 91% used [0x00000000eb400000,0x00000000ee8c40a0,0x00000000eed80000)
  from space 22528K, 0% used [0x00000000eed80000,0x00000000eed80000,0x00000000f0380000)
  to   space 20992K, 0% used [0x00000000f1580000,0x00000000f1580000,0x00000000f2a00000)
 ParOldGen       total 276992K, used 128628K [0x00000000c1c00000, 0x00000000d2a80000, 0x00000000eb400000)
  object space 276992K, 46% used [0x00000000c1c00000,0x00000000c999d108,0x00000000d2a80000)
 Metaspace       used 10959K, capacity 11230K, committed 11264K, reserved 1058816K
  class space    used 1130K, capacity 1248K, committed 1280K, reserved 1048576K
Event: 2.682 GC heap after
Heap after GC invocations=17 (full 5):
 PSYoungGen      total 96768K, used 8552K [0x00000000eb400000, 0x00000000f2800000, 0x0000000100000000)
  eden space 77824K, 0% used [0x00000000eb400000,0x00000000eb400000,0x00000000f0000000)
  from space 18944K, 45% used [0x00000000f1580000,0x00000000f1dda040,0x00000000f2800000)
  to   space 20480K, 0% used [0x00000000f0000000,0x00000000f0000000,0x00000000f1400000)
 ParOldGen       total 276992K, used 153204K [0x00000000c1c00000, 0x00000000d2a80000, 0x00000000eb400000)
  object space 276992K, 55% used [0x00000000c1c00000,0x00000000cb19d118,0x00000000d2a80000)
 Metaspace       used 10959K, capacity 11230K, committed 11264K, reserved 1058816K
  class space    used 1130K, capacity 1248K, committed 1280K, reserved 1048576K
}
Event: 3.100 GC heap before
{Heap before GC invocations=18 (full 5):
 PSYoungGen      total 96768K, used 83994K [0x00000000eb400000, 0x00000000f2800000, 0x0000000100000000)
  eden space 77824K, 96% used [0x00000000eb400000,0x00000000efdacac8,0x00000000f0000000)
  from space 18944K, 45% used [0x00000000f1580000,0x00000000f1dda040,0x00000000f2800000)
  to   space 20480K, 0% used [0x00000000f0000000,0x00000000f0000000,0x00000000f1400000)
 ParOldGen       total 276992K, used 153204K [0x00000000c1c00000, 0x00000000d2a80000, 0x00000000eb400000)
  object space 276992K, 55% used [0x00000000c1c00000,0x00000000cb19d118,0x00000000d2a80000)
 Metaspace       used 10959K, capacity 11230K, committed 11264K, reserved 1058816K
  class space    used 1130K, capacity 1248K, committed 1280K, reserved 1048576K
Event: 3.104 GC heap after
Heap after GC invocations=18 (full 5):
 PSYoungGen      total 98304K, used 14760K [0x00000000eb400000, 0x00000000f4200000, 0x0000000100000000)
  eden space 77824K, 0% used [0x00000000eb400000,0x00000000eb400000,0x00000000f0000000)
  from space 20480K, 72% used [0x00000000f0000000,0x00000000f0e6a050,0x00000000f1400000)
  to   space 22528K, 0% used [0x00000000f2c00000,0x00000000f2c00000,0x00000000f4200000)
 ParOldGen       total 276992K, used 153204K [0x00000000c1c00000, 0x00000000d2a80000, 0x00000000eb400000)
  object space 276992K, 55% used [0x00000000c1c00000,0x00000000cb19d118,0x00000000d2a80000)
 Metaspace       used 10959K, capacity 11230K, committed 11264K, reserved 1058816K
  class space    used 1130K, capacity 1248K, committed 1280K, reserved 1048576K
}
Event: 3.478 GC heap before
{Heap before GC invocations=19 (full 5):
 PSYoungGen      total 98304K, used 90349K [0x00000000eb400000, 0x00000000f4200000, 0x0000000100000000)
  eden space 77824K, 97% used [0x00000000eb400000,0x00000000efdd16e0,0x00000000f0000000)
  from space 20480K, 72% used [0x00000000f0000000,0x00000000f0e6a050,0x00000000f1400000)
  to   space 22528K, 0% used [0x00000000f2c00000,0x00000000f2c00000,0x00000000f4200000)
 ParOldGen       total 276992K, used 153204K [0x00000000c1c00000, 0x00000000d2a80000, 0x00000000eb400000)
  object space 276992K, 55% used [0x00000000c1c00000,0x00000000cb19d118,0x00000000d2a80000)
 Metaspace       used 10969K, capacity 11230K, committed 11264K, reserved 1058816K
  class space    used 1131K, capacity 1248K, committed 1280K, reserved 1048576K
Event: 3.484 GC heap after
Heap after GC invocations=19 (full 5):
 PSYoungGen      total 119296K, used 21256K [0x00000000eb400000, 0x00000000f4700000, 0x0000000100000000)
  eden space 96768K, 0% used [0x00000000eb400000,0x00000000eb400000,0x00000000f1280000)
  from space 22528K, 94% used [0x00000000f2c00000,0x00000000f40c2070,0x00000000f4200000)
  to   space 26112K, 0% used [0x00000000f1280000,0x00000000f1280000,0x00000000f2c00000)
 ParOldGen       total 276992K, used 153204K [0x00000000c1c00000, 0x00000000d2a80000, 0x00000000eb400000)
  object space 276992K, 55% used [0x00000000c1c00000,0x00000000cb19d118,0x00000000d2a80000)
 Metaspace       used 10969K, capacity 11230K, committed 11264K, reserved 1058816K
  class space    used 1131K, capacity 1248K, committed 1280K, reserved 1048576K
}
Event: 3.733 GC heap before
{Heap before GC invocations=20 (full 5):
 PSYoungGen      total 119296K, used 118024K [0x00000000eb400000, 0x00000000f4700000, 0x0000000100000000)
  eden space 96768K, 100% used [0x00000000eb400000,0x00000000f1280000,0x00000000f1280000)
  from space 22528K, 94% used [0x00000000f2c00000,0x00000000f40c2070,0x00000000f4200000)
  to   space 26112K, 0% used [0x00000000f1280000,0x00000000f1280000,0x00000000f2c00000)
 ParOldGen       total 276992K, used 153204K [0x00000000c1c00000, 0x00000000d2a80000, 0x00000000eb400000)
  object space 276992K, 55% used [0x00000000c1c00000,0x00000000cb19d118,0x00000000d2a80000)
 Metaspace       used 11140K, capacity 11422K, committed 11520K, reserved 1058816K
  class space    used 1143K, capacity 1248K, committed 1280K, reserved 1048576K
Event: 3.744 GC heap after
Heap after GC invocations=20 (full 5):
 PSYoungGen      total 122880K, used 26082K [0x00000000eb400000, 0x00000000f7180000, 0x0000000100000000)
  eden space 96768K, 0% used [0x00000000eb400000,0x00000000eb400000,0x00000000f1280000)
  from space 26112K, 99% used [0x00000000f1280000,0x00000000f2bf8ba0,0x00000000f2c00000)
  to   space 35840K, 0% used [0x00000000f4e80000,0x00000000f4e80000,0x00000000f7180000)
 ParOldGen       total 276992K, used 166686K [0x00000000c1c00000, 0x00000000d2a80000, 0x00000000eb400000)
  object space 276992K, 60% used [0x00000000c1c00000,0x00000000cbec7aa8,0x00000000d2a80000)
 Metaspace       used 11140K, capacity 11422K, committed 11520K, reserved 1058816K
  class space    used 1143K, capacity 1248K, committed 1280K, reserved 1048576K
}
Event: 4.153 GC heap before
{Heap before GC invocations=21 (full 5):
 PSYoungGen      total 122880K, used 122850K [0x00000000eb400000, 0x00000000f7180000, 0x0000000100000000)
  eden space 96768K, 100% used [0x00000000eb400000,0x00000000f1280000,0x00000000f1280000)
  from space 26112K, 99% used [0x00000000f1280000,0x00000000f2bf8ba0,0x00000000f2c00000)
  to   space 35840K, 0% used [0x00000000f4e80000,0x00000000f4e80000,0x00000000f7180000)
 ParOldGen       total 276992K, used 166686K [0x00000000c1c00000, 0x00000000d2a80000, 0x00000000eb400000)
  object space 276992K, 60% used [0x00000000c1c00000,0x00000000cbec7aa8,0x00000000d2a80000)
 Metaspace       used 11747K, capacity 11998K, committed 12160K, reserved 1060864K
  class space    used 1221K, capacity 1312K, committed 1408K, reserved 1048576K
Event: 4.165 GC heap after
Heap after GC invocations=21 (full 5):
 PSYoungGen      total 152064K, used 34675K [0x00000000eb400000, 0x00000000f7c80000, 0x0000000100000000)
  eden space 116224K, 0% used [0x00000000eb400000,0x00000000eb400000,0x00000000f2580000)
  from space 35840K, 96% used [0x00000000f4e80000,0x00000000f705cea0,0x00000000f7180000)
  to   space 41984K, 0% used [0x00000000f2580000,0x00000000f2580000,0x00000000f4e80000)
 ParOldGen       total 276992K, used 166694K [0x00000000c1c00000, 0x00000000d2a80000, 0x00000000eb400000)
  object space 276992K, 60% used [0x00000000c1c00000,0x00000000cbec9aa8,0x00000000d2a80000)
 Metaspace       used 11747K, capacity 11998K, committed 12160K, reserved 1060864K
  class space    used 1221K, capacity 1312K, committed 1408K, reserved 1048576K
}

