# JRE version: Java(TM) SE Runtime Environment (8.0_45-b15) (build 1.8.0_45-b15)
# Java VM: Java HotSpot(TM) 64-Bit Server VM (25.45-b02 mixed mode windows-amd64 compressed oops)
Heap:
 PSYoungGen      total 143360K, used 122697K [0x00000000eb400000, 0x00000000f8580000, 0x0000000100000000)
  eden space 98816K, 79% used [0x00000000eb400000,0x00000000f0059f80,0x00000000f1480000)
  from space 44544K, 99% used [0x00000000f4980000,0x00000000f74f8680,0x00000000f7500000)
  to   space 54272K, 0% used [0x00000000f1480000,0x00000000f1480000,0x00000000f4980000)
 ParOldGen       total 272896K, used 183630K [0x00000000c1c00000, 0x00000000d2680000, 0x00000000eb400000)
  object space 272896K, 67% used [0x00000000c1c00000,0x00000000ccf53ae0,0x00000000d2680000)
 Metaspace       used 15830K, capacity 16042K, committed 16256K, reserved 1062912K
  class space    used 1704K, capacity 1807K, committed 1920K, reserved 1048576K
GC Heap History (10 events):
Event: 2.800 GC heap before
{Heap before GC invocations=17 (full 5):
 PSYoungGen      total 76288K, used 54784K [0x00000000eb400000, 0x00000000f2a00000, 0x0000000100000000)
  eden space 54784K, 100% used [0x00000000eb400000,0x00000000ee980000,0x00000000ee980000)
  from space 21504K, 0% used [0x00000000ee980000,0x00000000ee980000,0x00000000efe80000)
  to   space 24576K, 0% used [0x00000000f1200000,0x00000000f1200000,0x00000000f2a00000)
 ParOldGen       total 272896K, used 134966K [0x00000000c1c00000, 0x00000000d2680000, 0x00000000eb400000)
  object space 272896K, 49% used [0x00000000c1c00000,0x00000000c9fcd890,0x00000000d2680000)
 Metaspace       used 10822K, capacity 11070K, committed 11264K, reserved 1058816K
  class space    used 1121K, capacity 1216K, committed 1280K, reserved 1048576K
Event: 2.808 GC heap after
Heap after GC invocations=17 (full 5):
 PSYoungGen      total 93184K, used 20608K [0x00000000eb400000, 0x00000000f2f80000, 0x0000000100000000)
  eden space 68608K, 0% used [0x00000000eb400000,0x00000000eb400000,0x00000000ef700000)
  from space 24576K, 83% used [0x00000000f1200000,0x00000000f2620050,0x00000000f2a00000)
  to   space 27648K, 0% used [0x00000000ef700000,0x00000000ef700000,0x00000000f1200000)
 ParOldGen       total 272896K, used 141110K [0x00000000c1c00000, 0x00000000d2680000, 0x00000000eb400000)
  object space 272896K, 51% used [0x00000000c1c00000,0x00000000ca5cd8a0,0x00000000d2680000)
 Metaspace       used 10822K, capacity 11070K, committed 11264K, reserved 1058816K
  class space    used 1121K, capacity 1216K, committed 1280K, reserved 1048576K
}
Event: 3.178 GC heap before
{Heap before GC invocations=18 (full 5):
 PSYoungGen      total 93184K, used 89216K [0x00000000eb400000, 0x00000000f2f80000, 0x0000000100000000)
  eden space 68608K, 100% used [0x00000000eb400000,0x00000000ef700000,0x00000000ef700000)
  from space 24576K, 83% used [0x00000000f1200000,0x00000000f2620050,0x00000000f2a00000)
  to   space 27648K, 0% used [0x00000000ef700000,0x00000000ef700000,0x00000000f1200000)
 ParOldGen       total 272896K, used 141110K [0x00000000c1c00000, 0x00000000d2680000, 0x00000000eb400000)
  object space 272896K, 51% used [0x00000000c1c00000,0x00000000ca5cd8a0,0x00000000d2680000)
 Metaspace       used 10822K, capacity 11070K, committed 11264K, reserved 1058816K
  class space    used 1121K, capacity 1216K, committed 1280K, reserved 1048576K
Event: 3.187 GC heap after
Heap after GC invocations=18 (full 5):
 PSYoungGen      total 96256K, used 26752K [0x00000000eb400000, 0x00000000f4880000, 0x0000000100000000)
  eden space 68608K, 0% used [0x00000000eb400000,0x00000000eb400000,0x00000000ef700000)
  from space 27648K, 96% used [0x00000000ef700000,0x00000000f1120060,0x00000000f1200000)
  to   space 32256K, 0% used [0x00000000f2900000,0x00000000f2900000,0x00000000f4880000)
 ParOldGen       total 272896K, used 147254K [0x00000000c1c00000, 0x00000000d2680000, 0x00000000eb400000)
  object space 272896K, 53% used [0x00000000c1c00000,0x00000000cabcd8b0,0x00000000d2680000)
 Metaspace       used 10822K, capacity 11070K, committed 11264K, reserved 1058816K
  class space    used 1121K, capacity 1216K, committed 1280K, reserved 1048576K
}
Event: 3.498 GC heap before
{Heap before GC invocations=19 (full 5):
 PSYoungGen      total 96256K, used 93431K [0x00000000eb400000, 0x00000000f4880000, 0x0000000100000000)
  eden space 68608K, 97% used [0x00000000eb400000,0x00000000ef51dc50,0x00000000ef700000)
  from space 27648K, 96% used [0x00000000ef700000,0x00000000f1120060,0x00000000f1200000)
  to   space 32256K, 0% used [0x00000000f2900000,0x00000000f2900000,0x00000000f4880000)
 ParOldGen       total 272896K, used 147254K [0x00000000c1c00000, 0x00000000d2680000, 0x00000000eb400000)
  object space 272896K, 53% used [0x00000000c1c00000,0x00000000cabcd8b0,0x00000000d2680000)
 Metaspace       used 10944K, capacity 11230K, committed 11264K, reserved 1058816K
  class space    used 1132K, capacity 1248K, committed 1280K, reserved 1048576K
Event: 3.510 GC heap after
Heap after GC invocations=19 (full 5):
 PSYoungGen      total 115200K, used 28064K [0x00000000eb400000, 0x00000000f5180000, 0x0000000100000000)
  eden space 82944K, 0% used [0x00000000eb400000,0x00000000eb400000,0x00000000f0500000)
  from space 32256K, 87% used [0x00000000f2900000,0x00000000f4468080,0x00000000f4880000)
  to   space 36864K, 0% used [0x00000000f0500000,0x00000000f0500000,0x00000000f2900000)
 ParOldGen       total 272896K, used 175774K [0x00000000c1c00000, 0x00000000d2680000, 0x00000000eb400000)
  object space 272896K, 64% used [0x00000000c1c00000,0x00000000cc7a7ae0,0x00000000d2680000)
 Metaspace       used 10944K, capacity 11230K, committed 11264K, reserved 1058816K
  class space    used 1132K, capacity 1248K, committed 1280K, reserved 1048576K
}
Event: 3.699 GC heap before
{Heap before GC invocations=20 (full 5):
 PSYoungGen      total 115200K, used 111008K [0x00000000eb400000, 0x00000000f5180000, 0x0000000100000000)
  eden space 82944K, 100% used [0x00000000eb400000,0x00000000f0500000,0x00000000f0500000)
  from space 32256K, 87% used [0x00000000f2900000,0x00000000f4468080,0x00000000f4880000)
  to   space 36864K, 0% used [0x00000000f0500000,0x00000000f0500000,0x00000000f2900000)
 ParOldGen       total 272896K, used 175774K [0x00000000c1c00000, 0x00000000d2680000, 0x00000000eb400000)
  object space 272896K, 64% used [0x00000000c1c00000,0x00000000cc7a7ae0,0x00000000d2680000)
 Metaspace       used 10983K, capacity 11230K, committed 11264K, reserved 1058816K
  class space    used 1132K, capacity 1248K, committed 1280K, reserved 1048576K
Event: 3.716 GC heap after
Heap after GC invocations=20 (full 5):
 PSYoungGen      total 119808K, used 36855K [0x00000000eb400000, 0x00000000f7500000, 0x0000000100000000)
  eden space 82944K, 0% used [0x00000000eb400000,0x00000000eb400000,0x00000000f0500000)
  from space 36864K, 99% used [0x00000000f0500000,0x00000000f28fde98,0x00000000f2900000)
  to   space 44544K, 0% used [0x00000000f4980000,0x00000000f4980000,0x00000000f7500000)
 ParOldGen       total 272896K, used 179126K [0x00000000c1c00000, 0x00000000d2680000, 0x00000000eb400000)
  object space 272896K, 65% used [0x00000000c1c00000,0x00000000ccaedae0,0x00000000d2680000)
 Metaspace       used 10983K, capacity 11230K, committed 11264K, reserved 1058816K
  class space    used 1132K, capacity 1248K, committed 1280K, reserved 1048576K
}
Event: 5.841 GC heap before
{Heap before GC invocations=21 (full 5):
 PSYoungGen      total 119808K, used 119799K [0x00000000eb400000, 0x00000000f7500000, 0x0000000100000000)
  eden space 82944K, 100% used [0x00000000eb400000,0x00000000f0500000,0x00000000f0500000)
  from space 36864K, 99% used [0x00000000f0500000,0x00000000f28fde98,0x00000000f2900000)
  to   space 44544K, 0% used [0x00000000f4980000,0x00000000f4980000,0x00000000f7500000)
 ParOldGen       total 272896K, used 179126K [0x00000000c1c00000, 0x00000000d2680000, 0x00000000eb400000)
  object space 272896K, 65% used [0x00000000c1c00000,0x00000000ccaedae0,0x00000000d2680000)
 Metaspace       used 15774K, capacity 16042K, committed 16256K, reserved 1062912K
  class space    used 1704K, capacity 1807K, committed 1920K, reserved 1048576K
Event: 5.860 GC heap after
Heap after GC invocations=21 (full 5):
 PSYoungGen      total 143360K, used 44513K [0x00000000eb400000, 0x00000000f8580000, 0x0000000100000000)
  eden space 98816K, 0% used [0x00000000eb400000,0x00000000eb400000,0x00000000f1480000)
  from space 44544K, 99% used [0x00000000f4980000,0x00000000f74f8680,0x00000000f7500000)
  to   space 54272K, 0% used [0x00000000f1480000,0x00000000f1480000,0x00000000f4980000)
 ParOldGen       total 272896K, used 183630K [0x00000000c1c00000, 0x00000000d2680000, 0x00000000eb400000)
  object space 272896K, 67% used [0x00000000c1c00000,0x00000000ccf53ae0,0x00000000d2680000)
 Metaspace       used 15774K, capacity 16042K, committed 16256K, reserved 1062912K
  class space    used 1704K, capacity 1807K, committed 1920K, reserved 1048576K
}

